C51 COMPILER V9.01   DELAY                                                                 01/19/2018 10:17:04 PAGE 1   


C51 COMPILER V9.01, COMPILATION OF MODULE DELAY
OBJECT MODULE PLACED IN ..\OBJ\delay.obj
COMPILER INVOKED BY: C:\Keil\C51\BIN\C51.EXE ..\ASSIST\delay.c LARGE BROWSE INCDIR(..\USER;..\ASSIST) DEBUG OBJECTEXTEND
                    - PRINT(.\delay.lst) OBJECT(..\OBJ\delay.obj)

line level    source

   1          #include "delay.h"                      
   2          
   3          //延时函数，延时约为 n us
   4          
   5          void delay(uchar n)
   6          {
   7   1              while(--n);
   8   1      }


MODULE INFORMATION:   STATIC OVERLAYABLE
   CODE SIZE        =      3    ----
   CONSTANT SIZE    =   ----    ----
   XDATA SIZE       =   ----    ----
   PDATA SIZE       =   ----    ----
   DATA SIZE        =   ----    ----
   IDATA SIZE       =   ----    ----
   BIT SIZE         =   ----    ----
END OF MODULE INFORMATION.


C51 COMPILATION COMPLETE.  0 WARNING(S),  0 ERROR(S)
