C51 COMPILER V9.01   MUSIC                                                                 01/19/2018 10:17:04 PAGE 1   


C51 COMPILER V9.01, COMPILATION OF MODULE MUSIC
OBJECT MODULE PLACED IN ..\OBJ\music.obj
COMPILER INVOKED BY: C:\Keil\C51\BIN\C51.EXE ..\ASSIST\music.c LARGE BROWSE INCDIR(..\USER;..\ASSIST) DEBUG OBJECTEXTEND
                    - PRINT(.\music.lst) OBJECT(..\OBJ\music.obj)

line level    source

   1          #include "music.h"
   2          #include "delay.h"
   3          #include "sound.h"
   4          #include "display.h"
   5          
   6          uchar n = 0;
   7          uchar code Music_TabM1[] = {3,2,3,2,4,2,5,2,5,2,4,2,3,2,2,2,
   8                                                             1,2,1,2,2,2,3,2,3,3,2,1,2,4,
   9                                                             3,2,3,2,4,2,5,2,5,2,4,2,3,2,2,2,
  10                                                             1,2,1,2,2,2,3,2,2,3,1,1,1,4,
  11                                                             2,2,2,2,3,2,1,2,2,2,3,1,4,1,3,2,1,2,
  12                                                             2,2,3,1,4,1,3,2,2,2,1,2,2,2,-2,4,
  13                                                             3,2,3,2,4,2,5,2,5,2,4,2,3,2,2,2,
  14                                                             1,2,1,2,2,2,3,2,2,3,1,1,1,4,0};              //欢乐颂
  15          
  16          uchar code Music_TabM2[] = {6,1,7,1,
  17                                                             8,3,7,1,8,2,10,2,7,6,3,2,
  18                                                             6,3,5,1,6,2,8,2,5,6,3,2,
  19                                                             4,3,3,1,4,1,8,1,8,2,3,6,8,2,
  20                                                             7,3,4,1,4,2,7,2,7,4,0}        ;                      //天空之城
  21          
  22          /*void Timer0()  interrupt 1   //采用中断0 控制节拍    
  23          {  
  24                  TH0=0xd8;   
  25                  TL0=0xef;   
  26                  n--;  
  27          } */
  28          
  29          void music1(void)
  30          {
  31   1              uchar p,m;   //m为频率常数变量    
  32   1              uchar i=0;        
  33   1              TMOD|=0x11;    
  34   1              ET0=1;           //为了不影响别的使能位
  35   1              while(menuflag==3)
  36   1              {
  37   2                      TH0=0xd8;TL0=0xef;
  38   2                      p = Music_TabM1[i]+7;
  39   2                      menu2change(p);
  40   2                      if(p==0)break;
  41   2                      else
  42   2                      {
  43   3                              m = p; 
  44   3                              i++;
  45   3                              n = Music_TabM1[i]*20;           //改变这个可以调整每个音的时间长短
  46   3                              TR0 = 1;
  47   3                              while(n!=0)Sound(m);
  48   3                              TR0 = 0;
  49   3                              delay(100);     
  50   3                      }
  51   2                      i++;
  52   2              }
  53   1      }
  54          
C51 COMPILER V9.01   MUSIC                                                                 01/19/2018 10:17:04 PAGE 2   

  55          void music2(void)
  56          {
  57   1              uchar p,m;   //m为频率常数变量    
  58   1              uchar i=0;        
  59   1              TMOD|=0x11;    
  60   1              ET0=1;           //为了不影响别的使能位
  61   1              while(menuflag==3)
  62   1              {
  63   2                      TH0=0xd8;TL0=0xef;
  64   2                      p = Music_TabM2[i]+7;
  65   2                      menu2change(p);
  66   2                      if(p==0)break;
  67   2                      else
  68   2                      {
  69   3                              m = p; 
  70   3                              i++;
  71   3                              n = Music_TabM2[i]*30;           //改变这个可以调整每个音的时间长短
  72   3                              TR0 = 1;
  73   3                              while(n!=0)Sound(m);
  74   3                              TR0 = 0;
  75   3                              delay(100);     
  76   3                      }
  77   2                      i++;
  78   2              }
  79   1      }


MODULE INFORMATION:   STATIC OVERLAYABLE
   CODE SIZE        =    212    ----
   CONSTANT SIZE    =    178    ----
   XDATA SIZE       =      1       6
   PDATA SIZE       =   ----    ----
   DATA SIZE        =   ----    ----
   IDATA SIZE       =   ----    ----
   BIT SIZE         =   ----    ----
END OF MODULE INFORMATION.


C51 COMPILATION COMPLETE.  0 WARNING(S),  0 ERROR(S)
