C51 COMPILER V9.01   RECORD                                                                01/19/2018 10:17:04 PAGE 1   


C51 COMPILER V9.01, COMPILATION OF MODULE RECORD
OBJECT MODULE PLACED IN ..\OBJ\record.obj
COMPILER INVOKED BY: C:\Keil\C51\BIN\C51.EXE ..\ASSIST\record.c LARGE BROWSE INCDIR(..\USER;..\ASSIST) DEBUG OBJECTEXTEN
                    -D PRINT(.\record.lst) OBJECT(..\OBJ\record.obj)

line level    source

   1          #include "record.h"
   2          #include "sound.h"
   3          #include "delay.h"
   4          #include "display.h"
   5          
   6          uchar xdata RNote0[50]=0;
   7          uint  xdata RTime0[50]=0;
   8          uchar xdata RNote1[50]=0;
   9          uint  xdata RTime1[50]=0;
  10          
  11          
  12          void input(uchar note, uint time, uchar item, bit flag)  //对输入进来的音符note和时长time进行记录
  13          {
  14   1          if(flag==0)
  15   1              {
  16   2              RNote0[item] = note;
  17   2              RTime0[item] = time;
  18   2              }else
  19   1              {
  20   2              RNote1[item] = note;
  21   2              RTime1[item] = time;
  22   2              }
  23   1      }
  24          
  25          void output(bit flag)
  26          {
  27   1              uchar i;
  28   1              uchar a;
  29   1              uint j;
  30   1              if(flag==0)
  31   1              {
  32   2              for(i=1; RTime0[i]!=0; i++)                                                      //模仿记录的时候的方法，把歌曲输出
  33   2              {
  34   3                  j=RTime0[i];
  35   3                      while(j--)
  36   3                      {
  37   4                              if(RNote0[i]==0)
  38   4                              {
  39   5                                      for(a=0; a<10; a++)
  40   5                                      delay(200);
  41   5                              }
  42   4                              else 
  43   4                                      Sound(RNote0[i]);
  44   4                      }
  45   3              }
  46   2              }else
  47   1              {
  48   2                for(i=1; RTime1[i]!=0; i++)
  49   2                {
  50   3                  j=RTime1[i];
  51   3                      while(j--)
  52   3                      {
  53   4                              if(RNote1[i]==0)
  54   4                              {
C51 COMPILER V9.01   RECORD                                                                01/19/2018 10:17:04 PAGE 2   

  55   5                                      for(a=0; a<10; a++)
  56   5                                      delay(200);
  57   5                              }
  58   4                              else 
  59   4                                      Sound(RNote1[i]);
  60   4                   }
  61   3                 }
  62   2          }
  63   1      }                  


MODULE INFORMATION:   STATIC OVERLAYABLE
   CODE SIZE        =    330    ----
   CONSTANT SIZE    =   ----    ----
   XDATA SIZE       =    300       6
   PDATA SIZE       =   ----    ----
   DATA SIZE        =   ----    ----
   IDATA SIZE       =   ----    ----
   BIT SIZE         =   ----       2
END OF MODULE INFORMATION.


C51 COMPILATION COMPLETE.  0 WARNING(S),  0 ERROR(S)
