C51 COMPILER V9.01   UPUP                                                                  01/19/2018 10:17:05 PAGE 1   


C51 COMPILER V9.01, COMPILATION OF MODULE UPUP
OBJECT MODULE PLACED IN ..\OBJ\upup.obj
COMPILER INVOKED BY: C:\Keil\C51\BIN\C51.EXE ..\ASSIST\upup.c LARGE BROWSE INCDIR(..\USER;..\ASSIST) DEBUG OBJECTEXTEND 
                    -PRINT(.\upup.lst) OBJECT(..\OBJ\upup.obj)

line level    source

   1          #include "upup.h"
   2          #include "display.h"
   3          #include "delay.h"
   4          
   5                  uchar code huan[] = {0x00,0x00,0x00,0x00,0x38,0x00,0x00,0x38,0x00,0x00,0x30,0x00,0x00,0x70,0x00,0x1F,
   6          0x6F,0x00,0x7F,0xFF,0x80,0x07,0xC6,0x00,0x3F,0xF0,0x00,0x1E,0x70,0x00,0x0E,0x70,
   7          0x00,0x0F,0x70,0x00,0x1F,0x78,0x00,0x3B,0xFC,0x00,0x70,0xCE,0x00,0x43,0x8F,0x80,
   8          0x02,0x07,0xC0,0x00,0x00,0x00,0x00,0x00,0x00
   9          };
  10                  uchar code ying[] = {0x00,0x00,0x00,0x00,0x00,0x00,0x10,0x78,0x00,0x1C,0x70,0x00,0x0E,0xC7,0x80,0x03,
  11          0x9F,0x80,0x01,0x9B,0x00,0x1D,0xBB,0x00,0x3D,0xFF,0x00,0x1D,0xDF,0x00,0x1D,0xD8,
  12          0x00,0x0D,0x98,0x00,0x7C,0x18,0x00,0x7F,0x98,0x00,0x01,0xF8,0x00,0x00,0x7F,0xE0,
  13          0x00,0x1F,0x00,0x00,0x00,0x00,0x00,0x00,0x00};
  14                  uchar code  shi[] = {0x00,0x00,0x00,0x00,0x30,0x00,0x0E,0x38,0x00,0x0F,0x38,0x00,0x0E,0x3F,0x00,0x0D,
  15          0xFE,0x00,0x1C,0x3F,0x00,0x1D,0xFF,0x80,0x3D,0xF7,0x00,0x7D,0xFF,0x00,0xEC,0xF0,
  16          0x00,0x0D,0xF0,0x00,0x0C,0xF0,0x00,0x0C,0x78,0x00,0x1C,0xFE,0x00,0x1F,0xCF,0xE0,
  17          0x1C,0x07,0x80,0x00,0x00,0x00,0x00,0x00,0x00};
  18                  uchar code yong[] = {0x00,0x00,0x0F,0xFF,0x00,0x00,0x07,0xFF,0x00,0x7F,0x03,0xFF,0x0F,0xE7,0x00,0x07,
  19          0x0E,0xE7,0x00,0x07,0x0E,0xE7,0x00,0x07,0x0E,0xFF,0x00,0x07,0x0F,0xE7,0x00,0x07,
  20          0x0E,0xE7,0x00,0x07,0x0E,0xFF,0x00,0x07,0x0F,0xF7,0x00,0x03,0x0E,0xE7,0x00,0x01,
  21          0x0C,0xE7,0x00,0x00,0x0C,0xE7,0x00,0x00,0x1C,0xE7,0x00,0x00,0x18,0xCF,0x00,0x00,
  22          0x30,0x07,0x00,0x00,0x00,0x02,0x00,0x00,0x00,0x00,0x00,0x00};
  23                  uchar code   wu[] = {0x00,0x00,0x00,0x00,0x00,0x00,0x00,0x7C,0x00,0x07,0xF8,0x00,0x01,0xC0,0x00,0x01,
  24          0xC0,0x00,0x01,0xFE,0x00,0x1F,0xFE,0x00,0x1F,0xC0,0x00,0x03,0xE0,0x00,0x03,0x60,
  25          0x00,0x07,0x60,0x00,0x0E,0xE0,0xC0,0x1C,0xE0,0xC0,0x38,0x71,0xC0,0x60,0x7F,0xC0,
  26          0x00,0x1F,0x00,0x00,0x00,0x00,0x00,0x00,0x00};
  27                  uchar code xian[] = {0x00,0x00,0x00,0x00,0x00,0x00,0x00,0x3C,0x00,0x3F,0x9C,0x00,0x3F,0x88,0x00,0x07,
  28          0x07,0xC0,0x06,0xFF,0x80,0x3E,0x78,0x00,0x30,0x36,0x00,0x3E,0x7E,0x00,0x7E,0xFC,
  29          0x00,0x7E,0xF8,0x00,0x0E,0x36,0x00,0x0E,0xFF,0x00,0x0F,0xFF,0x80,0x3D,0xC3,0x80,
  30          0x1C,0x00,0x00,0x00,0x00,0x00,0x00,0x00,0x00};
  31                  uchar code  qin[] = {0x00,0x00,0x00,0x03,0x9E,0x00,0x1F,0xBC,0x00,0x06,0x1E,0x00,0x0F,0xFE,0x00,0x1E,
  32          0x1E,0x00,0x07,0xFF,0x00,0x3F,0xE0,0x00,0x39,0xC0,0x00,0x03,0xF0,0x00,0x07,0xFC,
  33          0x00,0x0E,0xCF,0x80,0x1C,0xF7,0xE0,0x77,0xF0,0x00,0x00,0x60,0x00,0x00,0x60,0x00,
  34          0x00,0xE0,0x00,0x00,0xC0,0x00,0x00,0x00,0x00};
  35                  uchar code gezi[] = {0x00,0x00,0x00,0x00,0x80,0x00,0xC0,0x00,0xE0,0x00,0xE0,0x00,0xE0,0x00,0xE0,0x00,
  36          0xE0,0x00,0xE0,0x00,0xE0,0x00,0xFF,0xC0,0xFF,0xE0,0xFF,0xF0};
  37                  uchar code wang[] = {0x00,0x00,0x7F,0xF0,0x02,0x00,0x02,0x00,0x02,0x00,0x02,0x00,0x02,0x00,0x3F,0xE0,
  38          0x02,0x00,0x02,0x00,0x02,0x00,0x02,0x00,0x02,0x00,0xFF,0xF8};
  39                  uchar code qian[] = {0x20,0xA0,0x20,0x90,0x38,0x80,0x40,0xF0,0x83,0x80,0x78,0x80,0x20,0xB8,0x23,0xC0,
  40          0xF8,0x90,0x20,0xA0,0x20,0x48,0x28,0xA8,0x33,0x18,0x20,0x08};
  41                  uchar code  hao[] = {0x00,0x80,0x44,0x80,0x27,0xF0,0x08,0x80,0x00,0x80,0x8F,0xF8,0x40,0x00,0x10,0x00,
  42          0x17,0xF0,0x24,0x10,0x24,0x10,0x44,0x10,0x47,0xF0,0x04,0x10};
  43                  uchar code  bao[] = {0x10,0x00,0x10,0x00,0x1F,0xF0,0x20,0x10,0x40,0x10,0xBF,0x90,0x20,0x90,0x20,0x90,
  44          0x20,0x90,0x3F,0x90,0x20,0x60,0x20,0x08,0x20,0x08,0x1F,0xF8};
  45                  uchar code   lu[] = {0x10,0x00,0x1F,0x80,0x21,0x00,0x7F,0xE0,0xA2,0x20,0x3F,0xE0,0x22,0x20,0xFF,0xF8,
  46          0x00,0x00,0x3F,0xE0,0x20,0x20,0x3F,0xE0,0x20,0x20,0x3F,0xE0};
  47                  uchar code cheng[] = {0x00,0x00,0x3F,0xC0,0x00,0x80,0x01,0x10,0x7A,0x20,0x0B,0x40,0x12,0x80,0x12,0x40,
  48          0x22,0x20,0x42,0x18,0x8E,0x00,0x00,0x00,0x00,0x00,0x7F,0xF0};
  49                  uchar code hy1[] = {0x00,0x00,0x00,0x00,0x00,0x00,0x00,0x00,0x00,0x00,0x00,0x00,0x00,0x00,0x00,0x00,
  50          0x00,0x00,0x00,0x00,0x00,0x00,0x00,0x00,0x00,0x00,0x01,0xFF,0xC0,0x00,0x00,0x00,
  51          0x00,0x00,0x07,0xFF,0xF8,0x00,0x00,0x00,0x00,0x00,0x1F,0xFF,0xFF,0xF0,0x00,0x00,
  52          0x00,0x00,0x7F,0xFF,0xFF,0xFE,0x00,0x00,0x00,0x00,0xFF,0xFB,0xFF,0xFF,0x80,0x00,
  53          0x00,0x03,0xFF,0xEF,0xFF,0xFF,0xC0,0x00,0x00,0x07,0xF7,0xCF,0xFF,0xFF,0xE0,0x00,
  54          0x00,0x07,0xEF,0x1F,0xFF,0xFF,0xF0,0x00,0x00,0x0F,0xDE,0x3F,0xFF,0xFF,0xF0,0x00,
C51 COMPILER V9.01   UPUP                                                                  01/19/2018 10:17:05 PAGE 2   

  55          0x00,0x1F,0xBC,0x3F,0xFF,0xFF,0xF8,0x00,0x00,0x7F,0xFC,0x7F,0xFF,0xFF,0xFC,0x00,
  56          0x00,0xFF,0xF8,0x7F,0xFF,0xFF,0xFE,0x00,0x01,0xFE,0xF8,0x7F,0xE0,0x3F,0xFF,0x00,
  57          0x01,0xFF,0xF0,0x7F,0xCE,0x0F,0xFF,0x80,0x03,0xFD,0xF0,0x7F,0xFF,0x87,0xFF,0x80,
  58          0x03,0xFF,0xE0,0x7F,0xFF,0xC3,0xFF,0xC0,0x07,0xFB,0xE0,0x7F,0xFF,0xC1,0xFF,0xE0,
  59          0x07,0xFB,0xE0,0x7F,0xFF,0xE0,0xFF,0xE0,0x0F,0xFB,0xE0,0x3F,0xFF,0xE0,0x7F,0xF0,
  60          0x0F,0xFB,0xE0,0x3F,0xFF,0xF0,0x3F,0xF0,0x1F,0xFB,0xE0,0x3F,0xFF,0xF3,0xDF,0xF0,
  61          0x1F,0xF3,0xE0,0x1F,0xFF,0xEF,0xFF,0xF8,0x1F,0xF3,0xF8,0x0F,0xFF,0xFF,0xFF,0xF8,
  62          0x1F,0xFB,0xFC,0x07,0xFF,0xFF,0xFF,0xF8,0x3F,0xFB,0xFE,0x01,0xFF,0xFF,0xFF,0xF8,
  63          0x3F,0xFB,0xFF,0x00,0xFF,0xFF,0xFF,0xF8,0x3F,0xFD,0xFF,0x00,0x3E,0xFF,0xFF,0xF8,
  64          0x3F,0xFD,0xFF,0x80,0x01,0xFF,0xFF,0xF8,0x3F,0xFE,0xFF,0x80,0x01,0xFF,0xFF,0xFC,
  65          0x3F,0xFF,0xFF,0x80,0x01,0xFF,0x7F,0xFC,0x3F,0xFF,0xFF,0xBC,0x01,0xFF,0xBF,0xFC,
  66          0x3F,0xFF,0xFF,0xFF,0x00,0xFF,0xBF,0xFC,0x3F,0xFF,0xFF,0xFF,0xC0,0xFF,0x9F,0xFC,
  67          0x3F,0xFF,0xFF,0xFF,0xE0,0x7F,0xDF,0xF8,0x1F,0xFF,0xFF,0xFF,0xF0,0x3F,0xDF,0xF8,
  68          0x1F,0xFF,0xFF,0xFF,0xF8,0x0F,0xDF,0xF8,0x1F,0xFF,0xF7,0xFF,0xF8,0x07,0xDF,0xF8,
  69          0x1F,0xFB,0xCF,0xFF,0xFC,0x07,0xDF,0xF0,0x0F,0xFC,0x0F,0xFF,0xFC,0x07,0xDF,0xF0,
  70          0x0F,0xFE,0x0F,0xFF,0xFE,0x07,0xDF,0xF0,0x07,0xFE,0x07,0xFF,0xFE,0x07,0xDF,0xE0,
  71          0x07,0xFF,0x07,0xFF,0xFE,0x07,0xFF,0xE0,0x03,0xFF,0xC3,0xFF,0xFE,0x07,0xBF,0xC0,
  72          0x03,0xFF,0xE1,0xFF,0xFE,0x0F,0xBF,0xC0,0x01,0xFF,0xF0,0x73,0xFE,0x0F,0xFF,0x80,
  73          0x00,0xFF,0xFE,0x0F,0xFE,0x1F,0xFF,0x00,0x00,0xFF,0xFF,0xFF,0xFC,0x1F,0xFF,0x00,
  74          0x00,0x7F,0xFF,0xFF,0xFC,0x3F,0xFE,0x00,0x00,0x3F,0xFF,0xFF,0xF8,0x7D,0xFC,0x00,
  75          0x00,0x1F,0xFF,0xFF,0xF8,0xFB,0xF8,0x00,0x00,0x0F,0xFF,0xFF,0xF1,0xFF,0xE0,0x00,
  76          0x00,0x07,0xFF,0xFF,0xF3,0xFF,0xC0,0x00,0x00,0x03,0xFF,0xFF,0xE7,0xFF,0x80,0x00,
  77          0x00,0x00,0xFF,0xFF,0xDF,0xFE,0x00,0x00,0x00,0x00,0x7F,0xFF,0xFF,0xFC,0x00,0x00,
  78          0x00,0x00,0x1F,0xFF,0xFF,0xF8,0x00,0x00,0x00,0x00,0x03,0xFF,0xFF,0xE0,0x00,0x00,
  79          0x00,0x00,0x00,0x0F,0xFF,0x00,0x00,0x00,0x00,0x00,0x00,0x0F,0xF8,0x00,0x00,0x00,
  80          0x00,0x00,0x00,0x00,0x00,0x00,0x00,0x00,0x00,0x00,0x00,0x00,0x00,0x00,0x00,0x00};
  81                  uchar code hy2[] = {0x00,0x00,0x00,0x00,0x00,0x00,0x00,0x00,0x00,0x00,0x00,0x00,0x00,0x00,0x00,0x00,
  82          0x00,0x00,0x00,0x00,0x00,0x00,0x00,0x00,0x00,0x00,0x00,0x00,0x00,0x00,0x00,0x00,
  83          0x00,0x00,0x00,0x00,0x00,0x00,0x00,0x00,0x00,0x00,0x00,0x00,0x00,0x00,0x00,0x00,
  84          0x00,0x00,0x00,0x00,0x00,0x00,0x00,0x00,0x00,0x00,0x00,0x00,0x00,0x00,0x00,0x00,
  85          0x00,0x00,0x00,0x00,0x00,0x00,0x00,0x00,0x00,0x00,0x00,0x00,0x00,0x00,0x00,0x00,
  86          0x00,0x00,0x00,0x7F,0xC0,0x00,0x00,0x00,0x00,0x00,0x00,0xFF,0xFE,0x00,0x00,0x00,
  87          0x00,0x00,0x03,0xFF,0xFF,0x80,0x00,0x00,0x00,0x00,0x0F,0xFF,0xFF,0xF8,0x00,0x00,
  88          0x00,0x00,0x3F,0xF7,0xFF,0xF8,0x00,0x00,0x00,0x00,0x3E,0xE7,0xFF,0xFC,0x00,0x00,
  89          0x00,0x00,0x7B,0x9F,0xFF,0xFE,0x00,0x00,0x00,0x00,0xFF,0x1F,0xFF,0xFF,0x00,0x00,
  90          0x00,0x01,0xFF,0x1F,0xFF,0xFF,0x00,0x00,0x00,0x07,0xEF,0x1F,0xC1,0xFF,0xC0,0x00,
  91          0x00,0x07,0xFE,0x1F,0x98,0x7F,0xE0,0x00,0x00,0x0F,0xDE,0x1F,0xFE,0x3F,0xE0,0x00,
  92          0x00,0x0F,0xFC,0x1F,0xFE,0x1F,0xF0,0x00,0x00,0x0F,0xFC,0x1F,0xFF,0x0F,0xF0,0x00,
  93          0x00,0x1F,0xFC,0x1F,0xFF,0x07,0xFA,0x00,0x00,0x3F,0xFC,0x1F,0xFF,0xBB,0xF8,0x00,
  94          0x00,0x3F,0xBC,0x0F,0xFF,0x7F,0xFC,0x00,0x00,0x3F,0xBF,0x07,0xFF,0xFF,0xFC,0x00,
  95          0x00,0x7F,0xFF,0x81,0xFF,0xFF,0xFC,0x00,0x00,0x7F,0xFF,0xC0,0xFF,0xFF,0xFC,0x00,
  96          0x00,0x7F,0xDF,0xC0,0x7B,0xFF,0xFC,0x00,0x00,0x7F,0xEF,0xE0,0x07,0xFF,0xFC,0x00,
  97          0x00,0x7F,0xFF,0xE0,0x07,0xF7,0xFC,0x00,0x00,0x7F,0xFF,0xFC,0x07,0xFF,0xFC,0x00,
  98          0x00,0x7F,0xFF,0xFF,0x83,0xFB,0xFC,0x00,0x00,0x7F,0xFF,0xFF,0xC1,0xFB,0xFC,0x00,
  99          0x00,0x3F,0xFF,0xFF,0xE1,0xFB,0xFC,0x00,0x00,0x3F,0xFE,0xFF,0xF0,0x3B,0xFC,0x00,
 100          0x00,0x3F,0xF9,0xFF,0xF0,0x3B,0xF8,0x00,0x00,0x1F,0xC1,0xFF,0xF0,0x3B,0xF8,0x00,
 101          0x00,0x0F,0xE0,0xFF,0xF8,0x3B,0xF0,0x00,0x00,0x0F,0xF0,0xFF,0xF8,0x3F,0xF0,0x00,
 102          0x00,0x0F,0xF8,0xFF,0xF8,0x3F,0xE0,0x00,0x00,0x07,0xFE,0x1B,0xF8,0x7F,0xE0,0x00,
 103          0x00,0x03,0xFF,0x87,0xF8,0xFF,0xC0,0x00,0x00,0x03,0xFF,0xFF,0xF0,0xFF,0xC0,0x00,
 104          0x00,0x01,0xFF,0xFF,0xF1,0xDF,0x00,0x00,0x00,0x00,0xFF,0xFF,0xF3,0xFF,0x00,0x00,
 105          0x00,0x00,0x7F,0xFF,0xE7,0xFE,0x00,0x00,0x00,0x00,0x3F,0xFF,0xCF,0xF8,0x00,0x00,
 106          0x00,0x00,0x0F,0xFF,0xBF,0xF0,0x00,0x00,0x00,0x00,0x07,0xFF,0xFF,0xE0,0x00,0x00,
 107          0x00,0x00,0x00,0xFF,0xFF,0x00,0x00,0x00,0x00,0x00,0x00,0x07,0xFC,0x00,0x00,0x00,
 108          0x00,0x00,0x00,0x07,0xF0,0x00,0x00,0x00,0x00,0x00,0x00,0x00,0x00,0x00,0x00,0x00,
 109          0x00,0x00,0x00,0x00,0x00,0x00,0x00,0x00,0x00,0x00,0x00,0x00,0x00,0x00,0x00,0x00,
 110          0x00,0x00,0x00,0x00,0x00,0x00,0x00,0x00,0x00,0x00,0x00,0x00,0x00,0x00,0x00,0x00,
 111          0x00,0x00,0x00,0x00,0x00,0x00,0x00,0x00,0x00,0x00,0x00,0x00,0x00,0x00,0x00,0x00,
 112          0x00,0x00,0x00,0x00,0x00,0x00,0x00,0x00,0x00,0x00,0x00,0x00,0x00,0x00,0x00,0x00};
 113                  uchar code hy3[] = {0x00,0x00,0x00,0x00,0x00,0x00,0x00,0x00,0x00,0x00,0x00,0x00,0x00,0x00,0x00,0x00,
 114          0x00,0x00,0x00,0x00,0x00,0x00,0x00,0x00,0x00,0x00,0x00,0x00,0x00,0x00,0x00,0x00,
 115          0x00,0x00,0x00,0x00,0x00,0x00,0x00,0x00,0x00,0x00,0x00,0x00,0x00,0x00,0x00,0x00,
 116          0x00,0x00,0x00,0x00,0x00,0x00,0x00,0x00,0x00,0x00,0x00,0x00,0x00,0x00,0x00,0x00,
C51 COMPILER V9.01   UPUP                                                                  01/19/2018 10:17:05 PAGE 3   

 117          0x00,0x00,0x00,0x00,0x00,0x00,0x00,0x00,0x00,0x00,0x00,0x00,0x00,0x00,0x00,0x00,
 118          0x00,0x00,0x00,0x00,0x00,0x00,0x00,0x00,0x00,0x00,0x00,0x00,0x00,0x00,0x00,0x00,
 119          0x00,0x00,0x00,0x00,0x00,0x00,0x00,0x00,0x00,0x00,0x00,0x00,0x00,0x00,0x00,0x00,
 120          0x00,0x00,0x00,0x1F,0x80,0x00,0x00,0x00,0x00,0x00,0x00,0x3F,0xF8,0x00,0x00,0x00,
 121          0x00,0x00,0x00,0xFF,0xFE,0x00,0x00,0x00,0x00,0x00,0x07,0xFB,0xFF,0xC0,0x00,0x00,
 122          0x00,0x00,0x07,0xB3,0xFF,0xC0,0x00,0x00,0x00,0x00,0x07,0xEF,0xFF,0xE0,0x00,0x00,
 123          0x00,0x00,0x1F,0xCF,0xFF,0xF0,0x00,0x00,0x00,0x00,0x3D,0xCF,0x87,0xF8,0x00,0x00,
 124          0x00,0x00,0x3F,0x8F,0xB1,0xFC,0x00,0x00,0x00,0x00,0x7F,0x0F,0xF8,0xFE,0x00,0x00,
 125          0x00,0x00,0x7F,0x0F,0xFC,0x7E,0x00,0x00,0x00,0x00,0xFF,0x0F,0xFC,0x3F,0x00,0x00,
 126          0x00,0x01,0xFF,0x07,0xFD,0xFF,0x00,0x00,0x00,0x01,0xFF,0xC3,0xFF,0xFF,0x00,0x00,
 127          0x00,0x01,0xFF,0xE1,0xFF,0xFF,0x00,0x00,0x00,0x01,0xFB,0xE0,0x7F,0xFF,0x00,0x00,
 128          0x00,0x01,0xFD,0xF0,0x0F,0xFF,0x00,0x00,0x00,0x01,0xFF,0xF0,0x0F,0xBF,0x00,0x00,
 129          0x00,0x01,0xFF,0xFF,0x8F,0xFF,0x00,0x00,0x00,0x01,0xFF,0xFF,0x87,0xFF,0x00,0x00,
 130          0x00,0x01,0xFF,0xFF,0xC7,0xFF,0x00,0x00,0x00,0x01,0xFF,0x7F,0xE1,0xFF,0x00,0x00,
 131          0x00,0x00,0xF8,0x7F,0xE1,0xFF,0x00,0x00,0x00,0x00,0x7C,0x3F,0xF1,0xFE,0x00,0x00,
 132          0x00,0x00,0x7F,0x3F,0xF1,0xFC,0x00,0x00,0x00,0x00,0x3F,0x8F,0xF1,0xFC,0x00,0x00,
 133          0x00,0x00,0x3F,0xE3,0xF3,0xF8,0x00,0x00,0x00,0x00,0x1F,0xFF,0xE6,0xF0,0x00,0x00,
 134          0x00,0x00,0x0F,0xFF,0xEF,0xF0,0x00,0x00,0x00,0x00,0x07,0xFF,0xCF,0xE0,0x00,0x00,
 135          0x00,0x00,0x01,0xFF,0xFF,0x80,0x00,0x00,0x00,0x00,0x00,0xFF,0xFF,0x00,0x00,0x00,
 136          0x00,0x00,0x00,0x3F,0xFC,0x00,0x00,0x00,0x00,0x00,0x00,0x03,0xE0,0x00,0x00,0x00,
 137          0x00,0x00,0x00,0x00,0x00,0x00,0x00,0x00,0x00,0x00,0x00,0x00,0x00,0x00,0x00,0x00,
 138          0x00,0x00,0x00,0x00,0x00,0x00,0x00,0x00,0x00,0x00,0x00,0x00,0x00,0x00,0x00,0x00,
 139          0x00,0x00,0x00,0x00,0x00,0x00,0x00,0x00,0x00,0x00,0x00,0x00,0x00,0x00,0x00,0x00,
 140          0x00,0x00,0x00,0x00,0x00,0x00,0x00,0x00,0x00,0x00,0x00,0x00,0x00,0x00,0x00,0x00,
 141          0x00,0x00,0x00,0x00,0x00,0x00,0x00,0x00,0x00,0x00,0x00,0x00,0x00,0x00,0x00,0x00,
 142          0x00,0x00,0x00,0x00,0x00,0x00,0x00,0x00,0x00,0x00,0x00,0x00,0x00,0x00,0x00,0x00,
 143          0x00,0x00,0x00,0x00,0x00,0x00,0x00,0x00,0x00,0x00,0x00,0x00,0x00,0x00,0x00,0x00,
 144          0x00,0x00,0x00,0x00,0x00,0x00,0x00,0x00,0x00,0x00,0x00,0x00,0x00,0x00,0x00,0x00};
 145                  uchar code qsy1[] = {0x00,0x00,0x00,0x00,0x00,0x00,0x00,0x00,0x00,0x00,0x00,0x00,0x00,0x00,0x00,0x00,
 146          0x00,0x00,0x00,0x00,0x00,0x00,0x00,0x00,0x00,0x00,0x00,0x00,0x00,0x00,0x00,0x00,
 147          0x00,0x00,0x00,0x00,0x00,0x00,0x00,0x00,0x00,0x00,0x00,0x00,0x00,0x00,0x00,0x00,
 148          0x00,0x00,0x00,0x00,0x00,0x00,0x00,0x00,0x00,0x00,0x00,0x00,0x00,0x00,0x00,0x00,
 149          0x00,0x00,0x00,0x00,0x00,0x00,0x00,0x00,0x00,0x00,0x00,0x01,0xF8,0x00,0x00,0x00,
 150          0x00,0x00,0x00,0x07,0xFE,0x1F,0xFF,0xFE,0xFF,0xFF,0xFC,0x0F,0xFE,0x3F,0xFF,0xFC,
 151          0x7F,0xFF,0xFE,0x0F,0xF0,0x7F,0xFF,0xF8,0x3F,0xFF,0xFF,0x1F,0xF0,0xFF,0xFF,0xF0,
 152          0x1F,0xFF,0xFF,0x1F,0xF1,0xFF,0xFF,0xE0,0x0F,0xFF,0xFF,0x9F,0xF1,0xFF,0xFF,0x80,
 153          0x03,0xFF,0xFF,0xDF,0xF9,0xFF,0xE0,0x00,0x00,0x07,0xFF,0xFF,0xFF,0xFF,0xFF,0xC0,
 154          0x07,0xFF,0xFF,0xFF,0xFF,0xFF,0xFF,0x80,0x03,0xFF,0xFF,0xFF,0xFF,0xFF,0xFF,0x80,
 155          0x01,0xFF,0xFF,0xFF,0xFF,0xFF,0xFF,0x00,0x00,0xFF,0xFF,0xFF,0xFF,0xFF,0xFE,0x00,
 156          0x00,0x7F,0xFF,0xFF,0xFF,0xFF,0xF8,0x00,0x00,0x00,0xFF,0xFF,0xFF,0xFF,0x00,0x00,
 157          0x00,0x00,0xFF,0xFF,0xFF,0xFF,0xF8,0x00,0x00,0x3F,0xFF,0xFF,0xFF,0xFF,0xF8,0x00,
 158          0x00,0x1F,0xFF,0xFF,0xFF,0xFF,0xF0,0x00,0x00,0x0F,0xFF,0xFF,0xFF,0xFF,0xF0,0x00,
 159          0x00,0x07,0xFF,0xFF,0xFF,0xFF,0xE0,0x00,0x00,0x03,0xFF,0xFF,0xFF,0xFF,0x80,0x00,
 160          0x00,0x00,0x1F,0xFF,0xFF,0xF8,0x00,0x00,0x00,0x00,0x0F,0xFF,0xFF,0xF8,0x00,0x00,
 161          0x00,0x01,0xFF,0xFF,0xFF,0xFF,0x80,0x00,0x00,0x00,0xFF,0xFF,0xFF,0xFF,0x00,0x00,
 162          0x00,0x00,0x7F,0xFF,0xFF,0xFE,0x00,0x00,0x00,0x00,0x3F,0xFF,0xFF,0xFC,0x00,0x00,
 163          0x00,0x00,0x1F,0xFF,0xFF,0xF8,0x00,0x00,0x00,0x00,0x01,0xFF,0xFF,0xC0,0x00,0x00,
 164          0x00,0x00,0x1F,0xFF,0xFF,0xF8,0x00,0x00,0x00,0x00,0x0F,0xFF,0xFF,0xF0,0x00,0x00,
 165          0x00,0x00,0x07,0xFF,0xFF,0xF0,0x00,0x00,0x00,0x00,0x03,0xFF,0xFF,0xE0,0x00,0x00,
 166          0x00,0x00,0x01,0xFF,0xFF,0xC0,0x00,0x00,0x00,0x00,0x00,0x3F,0xFE,0x00,0x00,0x00,
 167          0x00,0x00,0x00,0x3F,0xFE,0x00,0x00,0x00,0x00,0x00,0x00,0x3F,0xFE,0x00,0x00,0x00,
 168          0x00,0x00,0x00,0x3F,0xFE,0x00,0x00,0x00,0x00,0x00,0x00,0x3F,0xFE,0x00,0x00,0x00,
 169          0x00,0x00,0x00,0x3F,0xFE,0x00,0x00,0x00,0x00,0x00,0x00,0x1F,0xFC,0x00,0x00,0x00,
 170          0x00,0x00,0x00,0x0F,0xF8,0x00,0x00,0x00,0x00,0x00,0x00,0x0F,0xF8,0x00,0x00,0x00,
 171          0x00,0x00,0x00,0x07,0xF0,0x00,0x00,0x00,0x00,0x00,0x00,0x03,0xE0,0x00,0x00,0x00,
 172          0x00,0x00,0x00,0x01,0xE0,0x00,0x00,0x00,0x00,0x00,0x00,0x01,0xC0,0x00,0x00,0x00,
 173          0x00,0x00,0x00,0x00,0x80,0x00,0x00,0x00,0x00,0x00,0x00,0x00,0x00,0x00,0x00,0x00,
 174          0x00,0x00,0x00,0x00,0x00,0x00,0x00,0x00,0x00,0x00,0x00,0x00,0x00,0x00,0x00,0x00,
 175          0x00,0x00,0x00,0x00,0x00,0x00,0x00,0x00,0x00,0x00,0x00,0x00,0x00,0x00,0x00,0x00,
 176          0x00,0x00,0x00,0x00,0x00,0x00,0x00,0x00,0x00,0x00,0x00,0x00,0x00,0x00,0x00,0x00};
 177                  uchar code qsy2[] = {0x00,0x00,0x00,0x00,0x00,0x00,0x00,0x00,0x00,0x00,0x00,0x00,0x00,0x00,0x00,0x00,
 178          0x00,0x00,0x00,0x00,0x00,0x00,0x00,0x00,0x00,0x00,0x00,0x00,0x00,0x00,0x00,0x00,
C51 COMPILER V9.01   UPUP                                                                  01/19/2018 10:17:05 PAGE 4   

 179          0x00,0x00,0x00,0x00,0x00,0x00,0x00,0x00,0x00,0x00,0x00,0x00,0x00,0x00,0x00,0x00,
 180          0x00,0x00,0x00,0x00,0x00,0x00,0x00,0x00,0x00,0x00,0x00,0x00,0x00,0x00,0x00,0x00,
 181          0x00,0x00,0x00,0x00,0x00,0x00,0x00,0x00,0x00,0x00,0x00,0x00,0x00,0x00,0x00,0x00,
 182          0x00,0x00,0x00,0x00,0x00,0x00,0x00,0x00,0x00,0x00,0x00,0x00,0x00,0x00,0x00,0x00,
 183          0x00,0x00,0x00,0x00,0x00,0x00,0x00,0x00,0x00,0x00,0x00,0x00,0x00,0x00,0x00,0x00,
 184          0x00,0x00,0x00,0x01,0xF0,0x00,0x00,0x00,0x00,0x00,0x00,0x03,0xF8,0xFF,0xFE,0x00,
 185          0x00,0xFF,0xFF,0x87,0xE1,0xFF,0xFC,0x00,0x00,0x7F,0xFF,0xCF,0xE3,0xFF,0xF8,0x00,
 186          0x00,0x3F,0xFF,0xCF,0xE7,0xFF,0xF0,0x00,0x00,0x0F,0xFF,0xEF,0xF7,0xFC,0x00,0x00,
 187          0x00,0x00,0x3F,0xFF,0xFF,0xFF,0xF0,0x00,0x00,0x0F,0xFF,0xFF,0xFF,0xFF,0xE0,0x00,
 188          0x00,0x07,0xFF,0xFF,0xFF,0xFF,0xC0,0x00,0x00,0x03,0xFF,0xFF,0xFF,0xFF,0x80,0x00,
 189          0x00,0x01,0xFF,0xFF,0xFF,0xFF,0x00,0x00,0x00,0x00,0x0F,0xFF,0xFF,0xF0,0x00,0x00,
 190          0x00,0x01,0xFF,0xFF,0xFF,0xFF,0x00,0x00,0x00,0x00,0xFF,0xFF,0xFF,0xFE,0x00,0x00,
 191          0x00,0x00,0x7F,0xFF,0xFF,0xFC,0x00,0x00,0x00,0x00,0x3F,0xFF,0xFF,0xF8,0x00,0x00,
 192          0x00,0x00,0x03,0xFF,0xFF,0xC0,0x00,0x00,0x00,0x00,0x1F,0xFF,0xFF,0xF8,0x00,0x00,
 193          0x00,0x00,0x0F,0xFF,0xFF,0xF0,0x00,0x00,0x00,0x00,0x07,0xFF,0xFF,0xE0,0x00,0x00,
 194          0x00,0x00,0x03,0xFF,0xFF,0xC0,0x00,0x00,0x00,0x00,0x00,0x7F,0xFE,0x00,0x00,0x00,
 195          0x00,0x00,0x03,0xFF,0xFF,0x80,0x00,0x00,0x00,0x00,0x01,0xFF,0xFF,0x80,0x00,0x00,
 196          0x00,0x00,0x00,0xFF,0xFF,0x00,0x00,0x00,0x00,0x00,0x00,0x3F,0xF8,0x00,0x00,0x00,
 197          0x00,0x00,0x00,0x1F,0xF8,0x00,0x00,0x00,0x00,0x00,0x00,0x1F,0xF8,0x00,0x00,0x00,
 198          0x00,0x00,0x00,0x1F,0xF8,0x00,0x00,0x00,0x00,0x00,0x00,0x1F,0xF8,0x00,0x00,0x00,
 199          0x00,0x00,0x00,0x0F,0xF0,0x00,0x00,0x00,0x00,0x00,0x00,0x07,0xF0,0x00,0x00,0x00,
 200          0x00,0x00,0x00,0x03,0xE0,0x00,0x00,0x00,0x00,0x00,0x00,0x03,0xC0,0x00,0x00,0x00,
 201          0x00,0x00,0x00,0x01,0x80,0x00,0x00,0x00,0x00,0x00,0x00,0x00,0x80,0x00,0x00,0x00,
 202          0x00,0x00,0x00,0x00,0x00,0x00,0x00,0x00,0x00,0x00,0x00,0x00,0x00,0x00,0x00,0x00,
 203          0x00,0x00,0x00,0x00,0x00,0x00,0x00,0x00,0x00,0x00,0x00,0x00,0x00,0x00,0x00,0x00,
 204          0x00,0x00,0x00,0x00,0x00,0x00,0x00,0x00,0x00,0x00,0x00,0x00,0x00,0x00,0x00,0x00,
 205          0x00,0x00,0x00,0x00,0x00,0x00,0x00,0x00,0x00,0x00,0x00,0x00,0x00,0x00,0x00,0x00,
 206          0x00,0x00,0x00,0x00,0x00,0x00,0x00,0x00,0x00,0x00,0x00,0x00,0x00,0x00,0x00,0x00,
 207          0x00,0x00,0x00,0x00,0x00,0x00,0x00,0x00,0x00,0x00,0x00,0x00,0x00,0x00,0x00,0x00,
 208          0x00,0x00,0x00,0x00,0x00,0x00,0x00,0x00,0x00,0x00,0x00,0x00,0x00,0x00,0x00,0x00};
 209                  uchar code qsy3[] = {0x00,0x00,0x00,0x00,0x00,0x00,0x00,0x00,0x00,0x00,0x00,0x00,0x00,0x00,0x00,0x00,
 210          0x00,0x00,0x00,0x00,0x00,0x00,0x00,0x00,0x00,0x00,0x00,0x00,0x00,0x00,0x00,0x00,
 211          0x00,0x00,0x00,0x00,0x00,0x00,0x00,0x00,0x00,0x00,0x00,0x00,0x00,0x00,0x00,0x00,
 212          0x00,0x00,0x00,0x00,0x00,0x00,0x00,0x00,0x00,0x00,0x00,0x00,0x00,0x00,0x00,0x00,
 213          0x00,0x00,0x00,0x00,0x00,0x00,0x00,0x00,0x00,0x00,0x00,0x00,0x00,0x00,0x00,0x00,
 214          0x00,0x00,0x00,0x00,0x00,0x00,0x00,0x00,0x00,0x00,0x00,0x00,0x00,0x00,0x00,0x00,
 215          0x00,0x00,0x00,0x00,0x00,0x00,0x00,0x00,0x00,0x00,0x00,0x00,0x00,0x00,0x00,0x00,
 216          0x00,0x00,0x00,0x00,0x00,0x00,0x00,0x00,0x00,0x00,0x00,0x00,0x00,0x00,0x00,0x00,
 217          0x00,0x00,0x00,0x00,0x00,0x00,0x00,0x00,0x00,0x00,0x00,0x03,0xC0,0x00,0x00,0x00,
 218          0x00,0x00,0x00,0x07,0xE0,0x00,0x00,0x00,0x00,0x07,0xFF,0x87,0x8F,0xFE,0x00,0x00,
 219          0x00,0x03,0xFF,0xCF,0x9F,0xFC,0x00,0x00,0x00,0x01,0xFF,0xEF,0xDF,0xF8,0x00,0x00,
 220          0x00,0x00,0x0F,0xFF,0xFE,0x00,0x00,0x00,0x00,0x00,0xFF,0xFF,0xFF,0xF0,0x00,0x00,
 221          0x00,0x00,0x7F,0xFF,0xFF,0xE0,0x00,0x00,0x00,0x00,0x3F,0xFF,0xFF,0xC0,0x00,0x00,
 222          0x00,0x00,0x03,0xFF,0xFE,0x00,0x00,0x00,0x00,0x00,0x1F,0xFF,0xFF,0xC0,0x00,0x00,
 223          0x00,0x00,0x0F,0xFF,0xFF,0x80,0x00,0x00,0x00,0x00,0x01,0xFF,0xFC,0x00,0x00,0x00,
 224          0x00,0x00,0x07,0xFF,0xFF,0x80,0x00,0x00,0x00,0x00,0x03,0xFF,0xFF,0x00,0x00,0x00,
 225          0x00,0x00,0x01,0xFF,0xFE,0x00,0x00,0x00,0x00,0x00,0x00,0x3F,0xF0,0x00,0x00,0x00,
 226          0x00,0x00,0x00,0xFF,0xFC,0x00,0x00,0x00,0x00,0x00,0x00,0x7F,0xF8,0x00,0x00,0x00,
 227          0x00,0x00,0x00,0x3F,0xF0,0x00,0x00,0x00,0x00,0x00,0x00,0x1F,0xE0,0x00,0x00,0x00,
 228          0x00,0x00,0x00,0x1F,0xE0,0x00,0x00,0x00,0x00,0x00,0x00,0x1F,0xE0,0x00,0x00,0x00,
 229          0x00,0x00,0x00,0x0F,0xE0,0x00,0x00,0x00,0x00,0x00,0x00,0x07,0xC0,0x00,0x00,0x00,
 230          0x00,0x00,0x00,0x07,0xC0,0x00,0x00,0x00,0x00,0x00,0x00,0x03,0x80,0x00,0x00,0x00,
 231          0x00,0x00,0x00,0x01,0x00,0x00,0x00,0x00,0x00,0x00,0x00,0x00,0x00,0x00,0x00,0x00,
 232          0x00,0x00,0x00,0x00,0x00,0x00,0x00,0x00,0x00,0x00,0x00,0x00,0x00,0x00,0x00,0x00,
 233          0x00,0x00,0x00,0x00,0x00,0x00,0x00,0x00,0x00,0x00,0x00,0x00,0x00,0x00,0x00,0x00,
 234          0x00,0x00,0x00,0x00,0x00,0x00,0x00,0x00,0x00,0x00,0x00,0x00,0x00,0x00,0x00,0x00,
 235          0x00,0x00,0x00,0x00,0x00,0x00,0x00,0x00,0x00,0x00,0x00,0x00,0x00,0x00,0x00,0x00,
 236          0x00,0x00,0x00,0x00,0x00,0x00,0x00,0x00,0x00,0x00,0x00,0x00,0x00,0x00,0x00,0x00,
 237          0x00,0x00,0x00,0x00,0x00,0x00,0x00,0x00,0x00,0x00,0x00,0x00,0x00,0x00,0x00,0x00,
 238          0x00,0x00,0x00,0x00,0x00,0x00,0x00,0x00,0x00,0x00,0x00,0x00,0x00,0x00,0x00,0x00,
 239          0x00,0x00,0x00,0x00,0x00,0x00,0x00,0x00,0x00,0x00,0x00,0x00,0x00,0x00,0x00,0x00,
 240          0x00,0x00,0x00,0x00,0x00,0x00,0x00,0x00,0x00,0x00,0x00,0x00,0x00,0x00,0x00,0x00};
C51 COMPILER V9.01   UPUP                                                                  01/19/2018 10:17:05 PAGE 5   

 241                  uchar code zh1[] = {0x00,0x00,0x00,0x00,0x00,0x00,0x00,0x00,0x00,0x00,0x00,0x00,0x00,0x00,0x00,0x00,
 242          0x00,0x00,0x00,0x00,0x00,0x00,0x00,0x00,0x00,0x00,0x00,0x00,0x00,0x00,0x00,0x00,
 243          0x00,0x00,0x00,0x00,0x00,0x00,0x00,0x00,0x00,0x00,0x00,0x00,0x00,0x00,0x00,0x00,
 244          0x00,0x00,0x00,0x00,0x00,0x00,0x00,0x00,0x00,0x00,0x00,0x00,0x00,0x00,0x00,0x00,
 245          0x00,0x00,0x00,0x00,0x00,0x00,0x00,0x00,0x00,0x00,0x00,0x00,0x00,0x00,0x00,0x00,
 246          0x00,0x00,0x00,0x00,0x00,0x00,0x00,0x00,0x00,0x00,0x00,0x00,0x00,0x00,0x00,0x00,
 247          0x00,0x00,0x00,0x00,0x00,0x00,0x00,0x00,0x00,0x00,0x00,0x00,0x00,0x00,0x00,0x00,
 248          0x00,0x00,0x00,0x00,0x00,0x00,0x00,0x00,0x00,0x00,0x00,0x00,0x00,0x00,0x00,0x00,
 249          0x00,0x00,0x00,0x00,0x00,0x1C,0x00,0x00,0x00,0x00,0x00,0x00,0x00,0x00,0x00,0x00,
 250          0x00,0x00,0x00,0x01,0xFF,0x3F,0xFF,0x00,0x00,0x00,0x00,0x00,0x00,0x00,0x00,0x00,
 251          0x00,0x00,0x00,0x01,0xFF,0x3F,0xFF,0x00,0x00,0x00,0x00,0x00,0x00,0x00,0x00,0x00,
 252          0x00,0x00,0x00,0x01,0xFF,0xFF,0xFE,0x00,0x00,0x00,0x00,0x00,0x00,0x00,0x00,0x00,
 253          0x00,0x00,0x00,0x00,0x6F,0xFF,0xDC,0x00,0x00,0x00,0x00,0x00,0x00,0x00,0x00,0x00,
 254          0x00,0x00,0x00,0x00,0x7F,0xFF,0xFC,0x00,0x00,0x00,0x00,0x00,0x00,0x00,0x00,0x00,
 255          0x00,0x00,0x00,0x00,0x7F,0xFF,0xF8,0x00,0x00,0x00,0x00,0x00,0x00,0x00,0x00,0x00,
 256          0x00,0x00,0x00,0x00,0x1F,0xFF,0xF0,0x00,0x00,0x00,0x00,0x00,0x00,0x00,0x00,0x00,
 257          0x00,0x00,0x00,0x00,0x1F,0xFF,0xF0,0x00,0x00,0x00,0x00,0x00,0x00,0x00,0x00,0x00,
 258          0x00,0x00,0x00,0x00,0x0F,0xFF,0xE0,0x00,0x00,0x00,0x00,0x00,0x00,0x00,0x00,0x00,
 259          0x00,0x00,0x00,0x00,0x0F,0xFF,0xF0,0x00,0x00,0x00,0x00,0x00,0x00,0x00,0x00,0x00,
 260          0x00,0x00,0x00,0x00,0x07,0xFF,0xE0,0x00,0x00,0x00,0x00,0x00,0x00,0x00,0x00,0x00,
 261          0x00,0x00,0x00,0x00,0x0B,0xFF,0xE0,0x00,0x00,0x00,0x00,0x00,0x00,0x00,0x00,0x00,
 262          0x00,0x00,0x00,0x00,0x03,0xFF,0xC0,0x00,0x00,0x00,0x00,0x00,0x00,0x00,0x00,0x00,
 263          0x00,0x00,0x00,0x00,0x01,0xFF,0x80,0x00,0x00,0x00,0x00,0x00,0x00,0x00,0x00,0x00,
 264          0x00,0x00,0x00,0x00,0x00,0xFE,0x00,0x00,0x00,0x00,0x00,0x00,0x00,0x00,0x00,0x00,
 265          0x00,0x00,0x00,0x00,0x00,0xFE,0x00,0x00,0x00,0x00,0x00,0x00,0x00,0x00,0x00,0x00,
 266          0x00,0x00,0x00,0x00,0x00,0x7E,0x00,0x00,0x00,0x00,0x00,0x00,0x00,0x00,0x00,0x00,
 267          0x00,0x00,0x00,0x00,0x00,0x3E,0x00,0x00,0x00,0x00,0x00,0x00,0x00,0x00,0x00,0x00,
 268          0x00,0x00,0x00,0x00,0x00,0x3E,0x00,0x00,0x00,0x00,0x00,0x00,0x00,0x00,0x00,0x00,
 269          0x00,0x00,0x00,0x00,0x00,0x18,0x00,0x00,0x00,0x00,0x00,0x00,0x00,0x00,0x00,0x00,
 270          0x00,0x00,0x00,0x00,0x00,0x08,0x00,0x00,0x00,0x00,0x00,0x00,0x00,0x00,0x00,0x00,
 271          0x00,0x00,0x00,0x00,0x00,0x00,0x00,0x00,0x00,0x00,0x00,0x00,0x00,0x00,0x00,0x00,
 272          0x00,0x00,0x00,0x00,0x00,0x00,0x00,0x00,0x00,0x00,0x00,0x00,0x00,0x00,0x00,0x00,
 273          0x00,0x00,0x00,0x00,0x00,0x00,0x00,0x00,0x00,0x00,0x00,0x00,0x00,0x00,0x00,0x00,
 274          0x00,0x00,0x00,0x00,0x00,0x00,0x00,0x00,0x00,0x00,0x00,0x00,0x00,0x00,0x00,0x00,
 275          0x00,0x00,0x00,0x00,0x00,0x00,0x00,0x00,0x00,0x0F,0x00,0x00,0x00,0x00,0x00,0x00,
 276          0x00,0x00,0x00,0x00,0x00,0x00,0x00,0x00,0x00,0x1F,0xE0,0x00,0x00,0x00,0x00,0x00,
 277          0x00,0x00,0x00,0x00,0x00,0x00,0x00,0x00,0x00,0xFF,0xFE,0x00,0x00,0x00,0x00,0x00,
 278          0x00,0x00,0x00,0x00,0x00,0x00,0x00,0x00,0x01,0xFF,0xFE,0x00,0x00,0x00,0x00,0x00,
 279          0x00,0x00,0x00,0x00,0x00,0x00,0x00,0x00,0x03,0xFF,0xFF,0x00,0x00,0x00,0x00,0x00,
 280          0x00,0x00,0x00,0x00,0x00,0x00,0x00,0x00,0x03,0xFF,0xFF,0x80,0x00,0x00,0x00,0x00,
 281          0x00,0x00,0x00,0x00,0x00,0x00,0x00,0x00,0x07,0xFF,0xFF,0xC0,0x00,0x00,0x00,0x00,
 282          0x00,0x00,0x00,0x00,0x00,0x00,0x00,0x00,0x0F,0xEF,0xF7,0xE0,0x00,0x00,0x00,0x00,
 283          0x00,0x00,0x00,0x00,0x00,0x00,0x00,0x00,0x0F,0xEF,0xFF,0xE0,0x00,0x00,0x00,0x00,
 284          0x00,0x00,0x00,0x00,0x00,0x00,0x00,0x00,0x0F,0xEF,0xFF,0xF0,0x00,0x00,0x00,0x00,
 285          0x00,0x00,0x00,0x00,0x00,0x00,0x00,0x00,0x1F,0xF3,0xFF,0xE0,0x00,0x00,0x00,0x00,
 286          0x00,0x00,0x00,0x00,0x00,0x00,0x00,0x00,0x1F,0xFB,0xFF,0xE0,0x00,0x00,0x00,0x00,
 287          0x00,0x00,0x00,0x00,0x00,0x00,0x00,0x00,0x1F,0xFC,0xBF,0xE0,0x00,0x00,0x00,0x00,
 288          0x00,0x00,0x00,0x00,0x00,0x00,0x00,0x00,0x1F,0xFC,0x3F,0xE0,0x00,0x00,0x00,0x00,
 289          0x00,0x00,0x00,0x00,0x00,0x00,0x00,0x00,0x1F,0xFF,0xBF,0xE0,0x00,0x00,0x00,0x00,
 290          0x00,0x00,0x00,0x00,0x00,0x00,0x00,0x00,0x1F,0xFF,0xDF,0xE0,0x00,0x00,0x00,0x00,
 291          0x00,0x00,0x00,0x00,0x00,0x00,0x00,0x00,0x1F,0xFF,0xFF,0xE0,0x00,0x00,0x00,0x00,
 292          0x00,0x00,0x00,0x00,0x00,0x00,0x00,0x00,0x0F,0xDF,0xEF,0xE0,0x00,0x00,0x00,0x00,
 293          0x00,0x00,0x00,0x00,0x00,0x00,0x00,0x00,0x0F,0xFF,0xE7,0xC0,0x00,0x00,0x00,0x00,
 294          0x00,0x00,0x00,0x00,0x00,0x00,0x00,0x00,0x07,0xF7,0xEF,0xC0,0x00,0x00,0x00,0x00,
 295          0x00,0x00,0x00,0x00,0x00,0x00,0x00,0x00,0x03,0xFF,0xFF,0x80,0x00,0x00,0x00,0x00,
 296          0x00,0x00,0x00,0x00,0x00,0x00,0x00,0x00,0x03,0xFF,0xFF,0x80,0x00,0x00,0x00,0x00,
 297          0x00,0x00,0x00,0x00,0x00,0x00,0x00,0x00,0x01,0xFF,0xFF,0x00,0x00,0x00,0x00,0x00,
 298          0x00,0x00,0x00,0x00,0x00,0x00,0x00,0x00,0x00,0x7F,0xFC,0x00,0x00,0x00,0x00,0x00,
 299          0x00,0x00,0x00,0x00,0x00,0x00,0x00,0x00,0x00,0x3F,0xF8,0x00,0x00,0x00,0x00,0x00,
 300          0x00,0x00,0x00,0x00,0x00,0x00,0x00,0x00,0x00,0x00,0x00,0x00,0x00,0x00,0x00,0x00,
 301          0x00,0x00,0x00,0x00,0x00,0x00,0x00,0x00,0x00,0x00,0x00,0x00,0x00,0x00,0x00,0x00,
 302          0x00,0x00,0x00,0x00,0x00,0x00,0x00,0x00,0x00,0x00,0x00,0x00,0x00,0x00,0x00,0x00,
C51 COMPILER V9.01   UPUP                                                                  01/19/2018 10:17:05 PAGE 6   

 303          0x00,0x00,0x00,0x00,0x00,0x00,0x00,0x00,0x00,0x00,0x00,0x00,0x00,0x00,0x00,0x00,
 304          0x00,0x00,0x00,0x00,0x00,0x00,0x00,0x00,0x00,0x00,0x00,0x00,0x00,0x00,0x00,0x00};
 305                  uchar code zh2[] = {0x00,0x00,0x00,0x00,0x00,0x00,0x00,0x00,0x00,0x00,0x00,0x00,0x00,0x00,0x00,0x00,
 306          0x00,0x00,0x00,0x00,0x00,0x00,0x00,0x00,0x00,0x00,0x00,0x00,0x00,0x00,0x00,0x00,
 307          0x00,0x00,0x00,0x00,0x00,0x00,0x00,0x00,0x00,0x00,0x00,0x00,0x00,0x00,0x00,0x00,
 308          0x00,0x00,0x00,0x00,0x00,0x00,0x00,0x00,0x00,0x00,0x00,0x00,0x00,0x00,0x00,0x00,
 309          0x00,0x00,0x00,0x00,0x00,0x00,0x00,0x00,0x00,0x00,0x00,0x00,0x00,0x00,0x00,0x00,
 310          0x00,0x00,0x00,0x00,0x00,0x00,0x00,0x00,0x00,0x00,0x00,0x00,0x00,0x00,0x00,0x00,
 311          0x00,0x00,0x00,0x00,0x00,0x00,0x00,0x00,0x00,0x00,0x00,0x00,0x00,0x00,0x00,0x00,
 312          0x00,0x00,0x00,0x00,0x00,0x00,0x00,0x00,0x00,0x00,0x00,0x00,0x00,0x00,0x00,0x00,
 313          0x00,0x00,0x00,0x00,0x00,0x00,0x00,0x00,0x00,0x00,0x00,0x00,0x00,0x00,0x00,0x00,
 314          0x00,0x00,0x00,0x00,0x00,0x00,0x00,0x01,0x80,0x00,0x00,0x00,0x00,0x00,0x00,0x00,
 315          0x00,0x00,0x00,0x00,0x00,0x00,0x03,0xFB,0xFF,0x00,0x00,0x00,0x00,0x00,0x00,0x00,
 316          0x00,0x00,0x00,0x00,0x00,0x00,0x03,0xFB,0xFF,0x00,0x00,0x00,0x00,0x00,0x00,0x00,
 317          0x00,0x00,0x00,0x00,0x00,0x00,0x00,0xFF,0xFC,0x00,0x00,0x00,0x00,0x00,0x00,0x00,
 318          0x00,0x00,0x00,0x00,0x00,0x00,0x00,0xFF,0xFC,0x00,0x00,0x00,0x00,0x00,0x00,0x00,
 319          0x00,0x00,0x00,0x00,0x00,0x00,0x00,0x7F,0xF8,0x00,0x00,0x00,0x00,0x00,0x00,0x00,
 320          0x00,0x00,0x00,0x00,0x00,0x00,0x00,0x7F,0xF8,0x00,0x00,0x00,0x00,0x00,0x00,0x00,
 321          0x00,0x00,0x00,0x00,0x00,0x00,0x00,0x3F,0xF0,0x00,0x00,0x00,0x00,0x00,0x00,0x00,
 322          0x00,0x00,0x00,0x00,0x00,0x00,0x00,0x3F,0xF0,0x00,0x00,0x00,0x00,0x00,0x00,0x00,
 323          0x00,0x00,0x00,0x00,0x00,0x00,0x00,0x1F,0xF0,0x00,0x00,0x00,0x00,0x00,0x00,0x00,
 324          0x00,0x00,0x00,0x00,0x00,0x00,0x00,0x1F,0xF0,0x00,0x00,0x00,0x00,0x00,0x00,0x00,
 325          0x00,0x00,0x00,0x00,0x00,0x00,0x00,0x07,0x80,0x00,0x00,0x00,0x00,0x00,0x00,0x00,
 326          0x00,0x00,0x00,0x00,0x00,0x00,0x00,0x07,0x80,0x00,0x00,0x00,0x00,0x00,0x00,0x00,
 327          0x00,0x00,0x00,0x00,0x00,0x00,0x00,0x03,0x80,0x00,0x00,0x00,0x00,0x00,0x00,0x00,
 328          0x00,0x00,0x00,0x00,0x00,0x00,0x00,0x03,0x80,0x00,0x00,0x00,0x00,0x00,0x00,0x00,
 329          0x00,0x00,0x00,0x00,0x00,0x00,0x00,0x01,0x00,0x00,0x00,0x00,0x00,0x00,0x00,0x00,
 330          0x00,0x00,0x00,0x00,0x00,0x00,0x00,0x00,0x00,0x00,0x00,0x00,0x00,0x00,0x00,0x00,
 331          0x00,0x00,0x00,0x00,0x00,0x00,0x00,0x00,0x00,0x00,0x00,0x00,0x00,0x00,0x00,0x00,
 332          0x00,0x00,0x00,0x00,0x00,0x00,0x00,0x00,0x00,0x00,0x00,0x00,0x00,0x00,0x00,0x00,
 333          0x00,0x00,0x00,0x00,0x00,0x00,0x00,0x00,0x00,0x00,0x00,0x00,0x00,0x00,0x00,0x00,
 334          0x00,0x00,0x00,0x00,0x00,0x00,0x00,0x00,0x00,0x00,0x00,0x00,0x00,0x00,0x00,0x00,
 335          0x00,0x00,0x00,0x00,0x00,0x00,0x00,0x00,0x00,0x00,0x00,0x00,0x00,0x00,0x00,0x00,
 336          0x00,0x00,0x00,0x00,0x00,0x00,0x00,0x00,0x00,0x00,0x00,0x00,0x00,0x00,0x00,0x00,
 337          0x00,0x00,0x00,0x00,0x00,0x00,0x00,0x00,0x00,0x00,0x00,0x00,0x00,0x00,0x00,0x00,
 338          0x00,0x00,0x00,0x00,0x00,0x00,0x00,0x00,0x00,0x00,0x00,0x00,0x00,0x00,0x00,0x00,
 339          0x00,0x00,0x00,0x00,0x00,0x00,0x00,0x00,0x00,0x00,0x00,0x00,0x00,0x00,0x00,0x00,
 340          0x00,0x00,0x00,0x00,0x00,0x00,0x00,0x00,0x00,0x00,0x00,0x00,0x00,0x00,0x00,0x00,
 341          0x00,0x00,0x00,0x00,0x00,0x00,0x00,0x00,0x00,0x00,0x00,0x00,0x00,0x00,0x00,0x00,
 342          0x00,0x00,0x00,0x00,0x00,0x00,0x00,0x07,0xE0,0x00,0x00,0x00,0x00,0x00,0x00,0x00,
 343          0x00,0x00,0x00,0x00,0x00,0x00,0x00,0x3F,0xFC,0x00,0x00,0x00,0x00,0x00,0x00,0x00,
 344          0x00,0x00,0x00,0x00,0x00,0x00,0x00,0x7F,0xFC,0x00,0x00,0x00,0x00,0x00,0x00,0x00,
 345          0x00,0x00,0x00,0x00,0x00,0x00,0x00,0x7F,0xFF,0x00,0x00,0x00,0x00,0x00,0x00,0x00,
 346          0x00,0x00,0x00,0x00,0x00,0x00,0x00,0xFB,0xFF,0x80,0x00,0x00,0x00,0x00,0x00,0x00,
 347          0x00,0x00,0x00,0x00,0x00,0x00,0x00,0xFB,0xFF,0x80,0x00,0x00,0x00,0x00,0x00,0x00,
 348          0x00,0x00,0x00,0x00,0x00,0x00,0x01,0xFD,0xFF,0x80,0x00,0x00,0x00,0x00,0x00,0x00,
 349          0x00,0x00,0x00,0x00,0x00,0x00,0x01,0xFD,0xFF,0x80,0x00,0x00,0x00,0x00,0x00,0x00,
 350          0x00,0x00,0x00,0x00,0x00,0x00,0x01,0xFE,0x3F,0x80,0x00,0x00,0x00,0x00,0x00,0x00,
 351          0x00,0x00,0x00,0x00,0x00,0x00,0x01,0xFF,0xBF,0x80,0x00,0x00,0x00,0x00,0x00,0x00,
 352          0x00,0x00,0x00,0x00,0x00,0x00,0x01,0xFF,0xDF,0x80,0x00,0x00,0x00,0x00,0x00,0x00,
 353          0x00,0x00,0x00,0x00,0x00,0x00,0x00,0xF7,0xEF,0x80,0x00,0x00,0x00,0x00,0x00,0x00,
 354          0x00,0x00,0x00,0x00,0x00,0x00,0x00,0xFF,0xEF,0x00,0x00,0x00,0x00,0x00,0x00,0x00,
 355          0x00,0x00,0x00,0x00,0x00,0x00,0x00,0x7F,0xEF,0x00,0x00,0x00,0x00,0x00,0x00,0x00,
 356          0x00,0x00,0x00,0x00,0x00,0x00,0x00,0x7F,0xFE,0x00,0x00,0x00,0x00,0x00,0x00,0x00,
 357          0x00,0x00,0x00,0x00,0x00,0x00,0x00,0x3F,0xFC,0x00,0x00,0x00,0x00,0x00,0x00,0x00,
 358          0x00,0x00,0x00,0x00,0x00,0x00,0x00,0x0F,0xF0,0x00,0x00,0x00,0x00,0x00,0x00,0x00,
 359          0x00,0x00,0x00,0x00,0x00,0x00,0x00,0x00,0x00,0x00,0x00,0x00,0x00,0x00,0x00,0x00,
 360          0x00,0x00,0x00,0x00,0x00,0x00,0x00,0x00,0x00,0x00,0x00,0x00,0x00,0x00,0x00,0x00,
 361          0x00,0x00,0x00,0x00,0x00,0x00,0x00,0x00,0x00,0x00,0x00,0x00,0x00,0x00,0x00,0x00,
 362          0x00,0x00,0x00,0x00,0x00,0x00,0x00,0x00,0x00,0x00,0x00,0x00,0x00,0x00,0x00,0x00,
 363          0x00,0x00,0x00,0x00,0x00,0x00,0x00,0x00,0x00,0x00,0x00,0x00,0x00,0x00,0x00,0x00,
 364          0x00,0x00,0x00,0x00,0x00,0x00,0x00,0x00,0x00,0x00,0x00,0x00,0x00,0x00,0x00,0x00,
C51 COMPILER V9.01   UPUP                                                                  01/19/2018 10:17:05 PAGE 7   

 365          0x00,0x00,0x00,0x00,0x00,0x00,0x00,0x00,0x00,0x00,0x00,0x00,0x00,0x00,0x00,0x00,
 366          0x00,0x00,0x00,0x00,0x00,0x00,0x00,0x00,0x00,0x00,0x00,0x00,0x00,0x00,0x00,0x00,
 367          0x00,0x00,0x00,0x00,0x00,0x00,0x00,0x00,0x00,0x00,0x00,0x00,0x00,0x00,0x00,0x00,
 368          0x00,0x00,0x00,0x00,0x00,0x00,0x00,0x00,0x00,0x00,0x00,0x00,0x00,0x00,0x00,0x00};
 369                  uchar code zh3[] = {0x00,0x00,0x00,0x00,0x00,0x00,0x00,0x00,0x00,0x00,0x00,0x00,0x00,0x00,0x00,0x00,
 370          0x00,0x00,0x00,0x00,0x00,0x00,0x00,0x00,0x00,0x00,0x00,0x00,0x00,0x00,0x00,0x00,
 371          0x00,0x00,0x00,0x00,0x00,0x00,0x00,0x00,0x00,0x00,0x00,0x00,0x00,0x00,0x00,0x00,
 372          0x00,0x00,0x00,0x00,0x00,0x00,0x00,0x00,0x00,0x00,0x00,0x00,0x00,0x00,0x00,0x00,
 373          0x00,0x00,0x00,0x00,0x00,0x00,0x00,0x00,0x00,0x00,0x00,0x00,0x00,0x00,0x00,0x00,
 374          0x00,0x00,0x00,0x00,0x00,0x00,0x00,0x00,0x00,0x00,0x00,0x00,0x00,0x00,0x00,0x00,
 375          0x00,0x00,0x00,0x00,0x00,0x00,0x00,0x00,0x00,0x00,0x00,0x00,0x00,0x00,0x00,0x00,
 376          0x00,0x00,0x00,0x00,0x00,0x00,0x00,0x00,0x00,0x00,0x00,0x00,0x00,0x00,0x00,0x00,
 377          0x00,0x00,0x00,0x00,0x00,0x00,0x00,0x00,0x00,0x00,0x00,0x00,0x00,0x00,0x00,0x00,
 378          0x00,0x00,0x00,0x00,0x00,0x00,0x00,0x00,0x00,0x00,0x00,0x00,0x00,0x00,0x00,0x00,
 379          0x00,0x00,0x00,0x00,0x00,0x00,0x00,0x00,0x00,0x00,0x00,0x00,0x00,0x00,0x00,0x00,
 380          0x00,0x00,0x00,0x00,0x00,0x00,0x00,0x00,0x00,0x00,0x00,0x00,0x00,0x00,0x00,0x00,
 381          0x00,0x00,0x00,0x00,0x00,0x00,0x00,0x00,0x00,0x00,0x00,0x00,0x00,0x00,0x00,0x00,
 382          0x00,0x00,0x00,0x00,0x00,0x00,0x00,0x00,0x00,0x00,0x00,0x00,0x00,0x00,0x00,0x00,
 383          0x00,0x00,0x00,0x00,0x00,0x00,0x00,0x00,0x00,0x00,0x00,0x00,0x00,0x00,0x00,0x00,
 384          0x00,0x00,0x00,0x00,0x00,0x00,0x00,0x00,0x00,0x00,0x00,0x00,0x00,0x00,0x00,0x00,
 385          0x00,0x00,0x00,0x00,0x00,0x00,0x00,0x00,0x00,0x00,0x00,0x00,0x00,0x00,0x00,0x00,
 386          0x00,0x00,0x00,0x00,0x00,0x00,0x00,0x00,0x00,0x00,0x00,0x00,0x00,0x00,0x00,0x00,
 387          0x00,0x00,0x00,0x00,0x00,0x00,0x00,0x00,0x03,0x00,0x00,0x00,0x00,0x00,0x00,0x00,
 388          0x00,0x00,0x00,0x00,0x00,0x00,0x00,0x00,0xFB,0xF8,0x00,0x00,0x00,0x00,0x00,0x00,
 389          0x00,0x00,0x00,0x00,0x00,0x00,0x00,0x00,0x5F,0xF0,0x00,0x00,0x00,0x00,0x00,0x00,
 390          0x00,0x00,0x00,0x00,0x00,0x00,0x00,0x00,0x7F,0xF0,0x00,0x00,0x00,0x00,0x00,0x00,
 391          0x00,0x00,0x00,0x00,0x00,0x00,0x00,0x00,0x3F,0xE0,0x00,0x00,0x00,0x00,0x00,0x00,
 392          0x00,0x00,0x00,0x00,0x00,0x00,0x00,0x00,0x1F,0xC0,0x00,0x00,0x00,0x00,0x00,0x00,
 393          0x00,0x00,0x00,0x00,0x00,0x00,0x00,0x00,0x1F,0xC0,0x00,0x00,0x00,0x00,0x00,0x00,
 394          0x00,0x00,0x00,0x00,0x00,0x00,0x00,0x00,0x1F,0xC0,0x00,0x00,0x00,0x00,0x00,0x00,
 395          0x00,0x00,0x00,0x00,0x00,0x00,0x00,0x00,0x07,0x00,0x00,0x00,0x00,0x00,0x00,0x00,
 396          0x00,0x00,0x00,0x00,0x00,0x00,0x00,0x00,0x03,0x00,0x00,0x00,0x00,0x00,0x00,0x00,
 397          0x00,0x00,0x00,0x00,0x00,0x00,0x00,0x00,0x03,0x00,0x00,0x00,0x00,0x00,0x00,0x00,
 398          0x00,0x00,0x00,0x00,0x00,0x00,0x00,0x00,0x02,0x00,0x00,0x00,0x00,0x00,0x00,0x00,
 399          0x00,0x00,0x00,0x00,0x00,0x00,0x00,0x00,0x00,0x00,0x00,0x00,0x00,0x00,0x00,0x00,
 400          0x00,0x00,0x00,0x00,0x00,0x00,0x00,0x00,0x00,0x00,0x00,0x00,0x00,0x00,0x00,0x00,
 401          0x00,0x00,0x00,0x00,0x00,0x00,0x00,0x00,0x00,0x00,0x00,0x00,0x00,0x00,0x00,0x00,
 402          0x00,0x00,0x00,0x00,0x00,0x00,0x01,0xF0,0x00,0x00,0x00,0x00,0x00,0x00,0x00,0x00,
 403          0x00,0x00,0x00,0x00,0x00,0x00,0x07,0xFC,0x00,0x00,0x00,0x00,0x00,0x00,0x00,0x00,
 404          0x00,0x00,0x00,0x00,0x00,0x00,0x07,0xFE,0x00,0x00,0x00,0x00,0x00,0x00,0x00,0x00,
 405          0x00,0x00,0x00,0x00,0x00,0x00,0x0E,0xFF,0x00,0x00,0x00,0x00,0x00,0x00,0x00,0x00,
 406          0x00,0x00,0x00,0x00,0x00,0x00,0x1F,0x7F,0x00,0x00,0x00,0x00,0x00,0x00,0x00,0x00,
 407          0x00,0x00,0x00,0x00,0x00,0x00,0x1F,0x7F,0x00,0x00,0x00,0x00,0x00,0x00,0x00,0x00,
 408          0x00,0x00,0x00,0x00,0x00,0x00,0x1F,0xDF,0x00,0x00,0x00,0x00,0x00,0x00,0x00,0x00,
 409          0x00,0x00,0x00,0x00,0x00,0x00,0x1F,0xEF,0x00,0x00,0x00,0x00,0x00,0x00,0x00,0x00,
 410          0x00,0x00,0x00,0x00,0x00,0x00,0x0F,0xF7,0x00,0x00,0x00,0x00,0x00,0x00,0x00,0x00,
 411          0x00,0x00,0x00,0x00,0x00,0x00,0x07,0xF6,0x00,0x00,0x00,0x00,0x00,0x00,0x00,0x00,
 412          0x00,0x00,0x00,0x00,0x00,0x00,0x07,0xFE,0x00,0x00,0x00,0x00,0x00,0x00,0x00,0x00,
 413          0x00,0x00,0x00,0x00,0x00,0x00,0x01,0xF8,0x00,0x00,0x00,0x00,0x00,0x00,0x00,0x00,
 414          0x00,0x00,0x00,0x00,0x00,0x00,0x00,0x00,0x00,0x00,0x00,0x00,0x00,0x00,0x00,0x00,
 415          0x00,0x00,0x00,0x00,0x00,0x00,0x00,0x00,0x00,0x00,0x00,0x00,0x00,0x00,0x00,0x00,
 416          0x00,0x00,0x00,0x00,0x00,0x00,0x00,0x00,0x00,0x00,0x00,0x00,0x00,0x00,0x00,0x00,
 417          0x00,0x00,0x00,0x00,0x00,0x00,0x00,0x00,0x00,0x00,0x00,0x00,0x00,0x00,0x00,0x00,
 418          0x00,0x00,0x00,0x00,0x00,0x00,0x00,0x00,0x00,0x00,0x00,0x00,0x00,0x00,0x00,0x00,
 419          0x00,0x00,0x00,0x00,0x00,0x00,0x00,0x00,0x00,0x00,0x00,0x00,0x00,0x00,0x00,0x00,
 420          0x00,0x00,0x00,0x00,0x00,0x00,0x00,0x00,0x00,0x00,0x00,0x00,0x00,0x00,0x00,0x00,
 421          0x00,0x00,0x00,0x00,0x00,0x00,0x00,0x00,0x00,0x00,0x00,0x00,0x00,0x00,0x00,0x00,
 422          0x00,0x00,0x00,0x00,0x00,0x00,0x00,0x00,0x00,0x00,0x00,0x00,0x00,0x00,0x00,0x00,
 423          0x00,0x00,0x00,0x00,0x00,0x00,0x00,0x00,0x00,0x00,0x00,0x00,0x00,0x00,0x00,0x00,
 424          0x00,0x00,0x00,0x00,0x00,0x00,0x00,0x00,0x00,0x00,0x00,0x00,0x00,0x00,0x00,0x00,
 425          0x00,0x00,0x00,0x00,0x00,0x00,0x00,0x00,0x00,0x00,0x00,0x00,0x00,0x00,0x00,0x00,
 426          0x00,0x00,0x00,0x00,0x00,0x00,0x00,0x00,0x00,0x00,0x00,0x00,0x00,0x00,0x00,0x00,
C51 COMPILER V9.01   UPUP                                                                  01/19/2018 10:17:05 PAGE 8   

 427          0x00,0x00,0x00,0x00,0x00,0x00,0x00,0x00,0x00,0x00,0x00,0x00,0x00,0x00,0x00,0x00,
 428          0x00,0x00,0x00,0x00,0x00,0x00,0x00,0x00,0x00,0x00,0x00,0x00,0x00,0x00,0x00,0x00,
 429          0x00,0x00,0x00,0x00,0x00,0x00,0x00,0x00,0x00,0x00,0x00,0x00,0x00,0x00,0x00,0x00,
 430          0x00,0x00,0x00,0x00,0x00,0x00,0x00,0x00,0x00,0x00,0x00,0x00,0x00,0x00,0x00,0x00,
 431          0x00,0x00,0x00,0x00,0x00,0x00,0x00,0x00,0x00,0x00,0x00,0x00,0x00,0x00,0x00,0x00,
 432          0x00,0x00,0x00,0x00,0x00,0x00,0x00,0x00,0x00,0x00,0x00,0x00,0x00,0x00,0x00,0x00};
 433                  uchar code zh4[] = {0x00,0x00,0x00,0x00,0x00,0x00,0x00,0x00,0x00,0x00,0x00,0x00,0x00,0x00,0x00,0x00,
 434          0x00,0x00,0x00,0x00,0x00,0x00,0x00,0x00,0x00,0x00,0x00,0x00,0x00,0x00,0x00,0x00,
 435          0x00,0x00,0x00,0x00,0x00,0x00,0x00,0x00,0x00,0x00,0x00,0x00,0x00,0x00,0x00,0x00,
 436          0x00,0x00,0x00,0x00,0x00,0x00,0x00,0x00,0x00,0x00,0x00,0x00,0x00,0x00,0x00,0x00,
 437          0x00,0x00,0x00,0x00,0x00,0x00,0x00,0x00,0x00,0x00,0x00,0x00,0x00,0x00,0x00,0x00,
 438          0x00,0x00,0x00,0x00,0x00,0x00,0x00,0x00,0x00,0x00,0x00,0x00,0x00,0x00,0x00,0x00,
 439          0x00,0x00,0x00,0x00,0x00,0x00,0x00,0x00,0x00,0x00,0x00,0x00,0x00,0x00,0x00,0x00,
 440          0x00,0x00,0x00,0x00,0x00,0x00,0x00,0x00,0x00,0x00,0x00,0x00,0x00,0x00,0x00,0x00,
 441          0x00,0x00,0x00,0x00,0x00,0x00,0x00,0x00,0x00,0x00,0x00,0x00,0x00,0x00,0x00,0x00,
 442          0x00,0x00,0x00,0x00,0x00,0x00,0x00,0x00,0x00,0x00,0x00,0x00,0x00,0x00,0x00,0x00,
 443          0x00,0x00,0x00,0x00,0x00,0x00,0x00,0x00,0x00,0x00,0x00,0x00,0x00,0x00,0x00,0x00,
 444          0x00,0x00,0x00,0x00,0x00,0x00,0x00,0x00,0x00,0x00,0x00,0x00,0x00,0x00,0x00,0x00,
 445          0x00,0x00,0x00,0x00,0x00,0x00,0x00,0x00,0x00,0x00,0x00,0x00,0x00,0x00,0x00,0x00,
 446          0x00,0x00,0x00,0x00,0x00,0x00,0x00,0x00,0x00,0x00,0x00,0x00,0x00,0x00,0x00,0x00,
 447          0x00,0x00,0x00,0x00,0x00,0x00,0x00,0x00,0x00,0x00,0x00,0x00,0x00,0x00,0x00,0x00,
 448          0x00,0x00,0x00,0x00,0x00,0x00,0x00,0x00,0x00,0x00,0x00,0x00,0x00,0x00,0x00,0x00,
 449          0x00,0x00,0x00,0x00,0x00,0x00,0x00,0x00,0x00,0x00,0x00,0x00,0x00,0x00,0x00,0x00,
 450          0x00,0x00,0x00,0x00,0x00,0x00,0x00,0x00,0x00,0x00,0x00,0x00,0x00,0x00,0x00,0x00,
 451          0x00,0x00,0x00,0x00,0x00,0x00,0x00,0x00,0x00,0x00,0x00,0x00,0x00,0x00,0x00,0x00,
 452          0x00,0x00,0x00,0x00,0x00,0x00,0x00,0x00,0x00,0x00,0x00,0x00,0x00,0x00,0x00,0x00,
 453          0x00,0x00,0x00,0x00,0x00,0x00,0x00,0x00,0x00,0x00,0x00,0x00,0x00,0x00,0x00,0x00,
 454          0x00,0x00,0x00,0x00,0x00,0x00,0x00,0x00,0x00,0x00,0x00,0x00,0x00,0x00,0x00,0x00,
 455          0x00,0x00,0x00,0x00,0x00,0x00,0x00,0x00,0x00,0x00,0x00,0x00,0x00,0x00,0x00,0x00,
 456          0x00,0x00,0x00,0x00,0x00,0x00,0x00,0x00,0x00,0x00,0x00,0x00,0x00,0x00,0x00,0x00,
 457          0x00,0x00,0x00,0x00,0x00,0x00,0x00,0x00,0x00,0x00,0x00,0x00,0x00,0x00,0x00,0x00,
 458          0x00,0x00,0x00,0x00,0x00,0x00,0x00,0x00,0x00,0x00,0x00,0x00,0x00,0x00,0x00,0x00,
 459          0x00,0x00,0x00,0x00,0x00,0x00,0x00,0x00,0x00,0x00,0x00,0x00,0x00,0x00,0x00,0x00,
 460          0x00,0x00,0x00,0x00,0x00,0x00,0x00,0x00,0x00,0x00,0x00,0x00,0x00,0x00,0x00,0x00,
 461          0x00,0x00,0x00,0x00,0x00,0x00,0x00,0xE0,0x00,0x00,0x00,0x00,0x00,0x00,0x00,0x00,
 462          0x00,0x00,0x00,0x00,0x00,0x00,0x03,0xF0,0x3D,0xF0,0x00,0x00,0x00,0x00,0x00,0x00,
 463          0x00,0x00,0x00,0x00,0x00,0x00,0x03,0xF8,0x17,0xE0,0x00,0x00,0x00,0x00,0x00,0x00,
 464          0x00,0x00,0x00,0x00,0x00,0x00,0x07,0x7C,0x1F,0xE0,0x00,0x00,0x00,0x00,0x00,0x00,
 465          0x00,0x00,0x00,0x00,0x00,0x00,0x07,0x7C,0x07,0xC0,0x00,0x00,0x00,0x00,0x00,0x00,
 466          0x00,0x00,0x00,0x00,0x00,0x00,0x07,0xDC,0x07,0xC0,0x00,0x00,0x00,0x00,0x00,0x00,
 467          0x00,0x00,0x00,0x00,0x00,0x00,0x07,0xEC,0x03,0x00,0x00,0x00,0x00,0x00,0x00,0x00,
 468          0x00,0x00,0x00,0x00,0x00,0x00,0x03,0xF8,0x01,0x00,0x00,0x00,0x00,0x00,0x00,0x00,
 469          0x00,0x00,0x00,0x00,0x00,0x00,0x00,0xF0,0x01,0x00,0x00,0x00,0x00,0x00,0x00,0x00,
 470          0x00,0x00,0x00,0x00,0x00,0x00,0x00,0x00,0x00,0x00,0x00,0x00,0x00,0x00,0x00,0x00,
 471          0x00,0x00,0x00,0x00,0x00,0x00,0x00,0x00,0x00,0x00,0x00,0x00,0x00,0x00,0x00,0x00,
 472          0x00,0x00,0x00,0x00,0x00,0x00,0x00,0x00,0x00,0x00,0x00,0x00,0x00,0x00,0x00,0x00,
 473          0x00,0x00,0x00,0x00,0x00,0x00,0x00,0x00,0x00,0x00,0x00,0x00,0x00,0x00,0x00,0x00,
 474          0x00,0x00,0x00,0x00,0x00,0x00,0x00,0x00,0x00,0x00,0x00,0x00,0x00,0x00,0x00,0x00,
 475          0x00,0x00,0x00,0x00,0x00,0x00,0x00,0x00,0x00,0x00,0x00,0x00,0x00,0x00,0x00,0x00,
 476          0x00,0x00,0x00,0x00,0x00,0x00,0x00,0x00,0x00,0x00,0x00,0x00,0x00,0x00,0x00,0x00,
 477          0x00,0x00,0x00,0x00,0x00,0x00,0x00,0x00,0x00,0x00,0x00,0x00,0x00,0x00,0x00,0x00,
 478          0x00,0x00,0x00,0x00,0x00,0x00,0x00,0x00,0x00,0x00,0x00,0x00,0x00,0x00,0x00,0x00,
 479          0x00,0x00,0x00,0x00,0x00,0x00,0x00,0x00,0x00,0x00,0x00,0x00,0x00,0x00,0x00,0x00,
 480          0x00,0x00,0x00,0x00,0x00,0x00,0x00,0x00,0x00,0x00,0x00,0x00,0x00,0x00,0x00,0x00,
 481          0x00,0x00,0x00,0x00,0x00,0x00,0x00,0x00,0x00,0x00,0x00,0x00,0x00,0x00,0x00,0x00,
 482          0x00,0x00,0x00,0x00,0x00,0x00,0x00,0x00,0x00,0x00,0x00,0x00,0x00,0x00,0x00,0x00,
 483          0x00,0x00,0x00,0x00,0x00,0x00,0x00,0x00,0x00,0x00,0x00,0x00,0x00,0x00,0x00,0x00,
 484          0x00,0x00,0x00,0x00,0x00,0x00,0x00,0x00,0x00,0x00,0x00,0x00,0x00,0x00,0x00,0x00,
 485          0x00,0x00,0x00,0x00,0x00,0x00,0x00,0x00,0x00,0x00,0x00,0x00,0x00,0x00,0x00,0x00,
 486          0x00,0x00,0x00,0x00,0x00,0x00,0x00,0x00,0x00,0x00,0x00,0x00,0x00,0x00,0x00,0x00,
 487          0x00,0x00,0x00,0x00,0x00,0x00,0x00,0x00,0x00,0x00,0x00,0x00,0x00,0x00,0x00,0x00,
 488          0x00,0x00,0x00,0x00,0x00,0x00,0x00,0x00,0x00,0x00,0x00,0x00,0x00,0x00,0x00,0x00,
C51 COMPILER V9.01   UPUP                                                                  01/19/2018 10:17:05 PAGE 9   

 489          0x00,0x00,0x00,0x00,0x00,0x00,0x00,0x00,0x00,0x00,0x00,0x00,0x00,0x00,0x00,0x00,
 490          0x00,0x00,0x00,0x00,0x00,0x00,0x00,0x00,0x00,0x00,0x00,0x00,0x00,0x00,0x00,0x00,
 491          0x00,0x00,0x00,0x00,0x00,0x00,0x00,0x00,0x00,0x00,0x00,0x00,0x00,0x00,0x00,0x00,
 492          0x00,0x00,0x00,0x00,0x00,0x00,0x00,0x00,0x00,0x00,0x00,0x00,0x00,0x00,0x00,0x00,
 493          0x00,0x00,0x00,0x00,0x00,0x00,0x00,0x00,0x00,0x00,0x00,0x00,0x00,0x00,0x00,0x00,
 494          0x00,0x00,0x00,0x00,0x00,0x00,0x00,0x00,0x00,0x00,0x00,0x00,0x00,0x00,0x00,0x00,
 495          0x00,0x00,0x00,0x00,0x00,0x00,0x00,0x00,0x00,0x00,0x00,0x00,0x00,0x00,0x00,0x00,
 496          0x00,0x00,0x00,0x00,0x00,0x00,0x00,0x00,0x00,0x00,0x00,0x00,0x00,0x00,0x00,0x00};
 497                  uchar code kongbai[] = {0x00,0x00,0x00,0x00,0x00,0x00,0x00,0x00,0x00,0x00,0x00,0x00,0x00,0x00,0x00,0x00,
 498          0x00,0x00,0x00,0x00,0x00,0x00,0x00,0x00,0x00,0x00,0x00,0x00,0x00,0x00,0x00,0x00,
 499          0x00,0x00,0x00,0x00,0x00,0x00,0x00,0x00,0x00,0x00,0x00,0x00,0x00,0x00,0x00,0x00,
 500          0x00,0x00,0x00,0x00,0x00,0x00,0x00,0x00,0x00,0x00,0x00,0x00,0x00,0x00,0x00,0x00,
 501          0x00,0x00,0x00,0x00,0x00,0x00,0x00,0x00,0x00,0x00,0x00,0x00,0x00,0x00,0x00,0x00,
 502          0x00,0x00,0x00,0x00,0x00,0x00,0x00,0x00,0x00,0x00,0x00,0x00,0x00,0x00,0x00,0x00,
 503          0x00,0x00,0x00,0x00,0x00,0x00,0x00,0x00,0x00,0x00,0x00,0x00,0x00,0x00,0x00,0x00,
 504          0x00,0x00,0x00,0x00,0x00,0x00,0x00,0x00,0x00,0x00,0x00,0x00,0x00,0x00,0x00,0x00,
 505          0x00,0x00,0x00,0x00,0x00,0x00,0x00,0x00,0x00,0x00,0x00,0x00,0x00,0x00,0x00,0x00,
 506          0x00,0x00,0x00,0x00,0x00,0x00,0x00,0x00,0x00,0x00,0x00,0x00,0x00,0x00,0x00,0x00,
 507          0x00,0x00,0x00,0x00,0x00,0x00,0x00,0x00,0x00,0x00,0x00,0x00,0x00,0x00,0x00,0x00,
 508          0x00,0x00,0x00,0x00,0x00,0x00,0x00,0x00,0x00,0x00,0x00,0x00,0x00,0x00,0x00,0x00,
 509          0x00,0x00,0x00,0x00,0x00,0x00,0x00,0x00,0x00,0x00,0x00,0x00,0x00,0x00,0x00,0x00,
 510          0x00,0x00,0x00,0x00,0x00,0x00,0x00,0x00,0x00,0x00,0x00,0x00,0x00,0x00,0x00,0x00,
 511          0x00,0x00,0x00,0x00,0x00,0x00,0x00,0x00,0x00,0x00,0x00,0x00,0x00,0x00,0x00,0x00,
 512          0x00,0x00,0x00,0x00,0x00,0x00,0x00,0x00,0x00,0x00,0x00,0x00,0x00,0x00,0x00,0x00,
 513          0x00,0x00,0x00,0x00,0x00,0x00,0x00,0x00,0x00,0x00,0x00,0x00,0x00,0x00,0x00,0x00,
 514          0x00,0x00,0x00,0x00,0x00,0x00,0x00,0x00,0x00,0x00,0x00,0x00,0x00,0x00,0x00,0x00,
 515          0x00,0x00,0x00,0x00,0x00,0x00,0x00,0x00,0x00,0x00,0x00,0x00,0x00,0x00,0x00,0x00,
 516          0x00,0x00,0x00,0x00,0x00,0x00,0x00,0x00,0x00,0x00,0x00,0x00,0x00,0x00,0x00,0x00,
 517          0x00,0x00,0x00,0x00,0x00,0x00,0x00,0x00,0x00,0x00,0x00,0x00,0x00,0x00,0x00,0x00,
 518          0x00,0x00,0x00,0x00,0x00,0x00,0x00,0x00,0x00,0x00,0x00,0x00,0x00,0x00,0x00,0x00,
 519          0x00,0x00,0x00,0x00,0x00,0x00,0x00,0x00,0x00,0x00,0x00,0x00,0x00,0x00,0x00,0x00,
 520          0x00,0x00,0x00,0x00,0x00,0x00,0x00,0x00,0x00,0x00,0x00,0x00,0x00,0x00,0x00,0x00,
 521          0x00,0x00,0x00,0x00,0x00,0x00,0x00,0x00,0x00,0x00,0x00,0x00,0x00,0x00,0x00,0x00,
 522          0x00,0x00,0x00,0x00,0x00,0x00,0x00,0x00,0x00,0x00,0x00,0x00,0x00,0x00,0x00,0x00,
 523          0x00,0x00,0x00,0x00,0x00,0x00,0x00,0x00,0x00,0x00,0x00,0x00,0x00,0x00,0x00,0x00,
 524          0x00,0x00,0x00,0x00,0x00,0x00,0x00,0x00,0x00,0x00,0x00,0x00,0x00,0x00,0x00,0x00,
 525          0x00,0x00,0x00,0x00,0x00,0x00,0x00,0x00,0x00,0x00,0x00,0x00,0x00,0x00,0x00,0x00,
 526          0x00,0x00,0x00,0x00,0x00,0x00,0x00,0x00,0x00,0x00,0x00,0x00,0x00,0x00,0x00,0x00,
 527          0x00,0x00,0x00,0x00,0x00,0x00,0x00,0x00,0x00,0x00,0x00,0x00,0x00,0x00,0x00,0x00,
 528          0x00,0x00,0x00,0x00,0x00,0x00,0x00,0x00,0x00,0x00,0x00,0x00,0x00,0x00,0x00,0x00,
 529          0x00,0x00,0x00,0x00,0x00,0x00,0x00,0x00,0x00,0x00,0x00,0x00,0x00,0x00,0x00,0x00,
 530          0x00,0x00,0x00,0x00,0x00,0x00,0x00,0x00,0x00,0x00,0x00,0x00,0x00,0x00,0x00,0x00,
 531          0x00,0x00,0x00,0x00,0x00,0x00,0x00,0x00,0x00,0x00,0x00,0x00,0x00,0x00,0x00,0x00,
 532          0x00,0x00,0x00,0x00,0x00,0x00,0x00,0x00,0x00,0x00,0x00,0x00,0x00,0x00,0x00,0x00,
 533          0x00,0x00,0x00,0x00,0x00,0x00,0x00,0x00,0x00,0x00,0x00,0x00,0x00,0x00,0x00,0x00,
 534          0x00,0x00,0x00,0x00,0x00,0x00,0x00,0x00,0x00,0x00,0x00,0x00,0x00,0x00,0x00,0x00,
 535          0x00,0x00,0x00,0x00,0x00,0x00,0x00,0x00,0x00,0x00,0x00,0x00,0x00,0x00,0x00,0x00,
 536          0x00,0x00,0x00,0x00,0x00,0x00,0x00,0x00,0x00,0x00,0x00,0x00,0x00,0x00,0x00,0x00,
 537          0x00,0x00,0x00,0x00,0x00,0x00,0x00,0x00,0x00,0x00,0x00,0x00,0x00,0x00,0x00,0x00,
 538          0x00,0x00,0x00,0x00,0x00,0x00,0x00,0x00,0x00,0x00,0x00,0x00,0x00,0x00,0x00,0x00,
 539          0x00,0x00,0x00,0x00,0x00,0x00,0x00,0x00,0x00,0x00,0x00,0x00,0x00,0x00,0x00,0x00,
 540          0x00,0x00,0x00,0x00,0x00,0x00,0x00,0x00,0x00,0x00,0x00,0x00,0x00,0x00,0x00,0x00,
 541          0x00,0x00,0x00,0x00,0x00,0x00,0x00,0x00,0x00,0x00,0x00,0x00,0x00,0x00,0x00,0x00,
 542          0x00,0x00,0x00,0x00,0x00,0x00,0x00,0x00,0x00,0x00,0x00,0x00,0x00,0x00,0x00,0x00,
 543          0x00,0x00,0x00,0x00,0x00,0x00,0x00,0x00,0x00,0x00,0x00,0x00,0x00,0x00,0x00,0x00,
 544          0x00,0x00,0x00,0x00,0x00,0x00,0x00,0x00,0x00,0x00,0x00,0x00,0x00,0x00,0x00,0x00,
 545          0x00,0x00,0x00,0x00,0x00,0x00,0x00,0x00,0x00,0x00,0x00,0x00,0x00,0x00,0x00,0x00,
 546          0x00,0x00,0x00,0x00,0x00,0x00,0x00,0x00,0x00,0x00,0x00,0x00,0x00,0x00,0x00,0x00,
 547          0x00,0x00,0x00,0x00,0x00,0x00,0x00,0x00,0x00,0x00,0x00,0x00,0x00,0x00,0x00,0x00,
 548          0x00,0x00,0x00,0x00,0x00,0x00,0x00,0x00,0x00,0x00,0x00,0x00,0x00,0x00,0x00,0x00,
 549          0x00,0x00,0x00,0x00,0x00,0x00,0x00,0x00,0x00,0x00,0x00,0x00,0x00,0x00,0x00,0x00,
 550          0x00,0x00,0x00,0x00,0x00,0x00,0x00,0x00,0x00,0x00,0x00,0x00,0x00,0x00,0x00,0x00,
C51 COMPILER V9.01   UPUP                                                                  01/19/2018 10:17:05 PAGE 10  

 551          0x00,0x00,0x00,0x00,0x00,0x00,0x00,0x00,0x00,0x00,0x00,0x00,0x00,0x00,0x00,0x00,
 552          0x00,0x00,0x00,0x00,0x00,0x00,0x00,0x00,0x00,0x00,0x00,0x00,0x00,0x00,0x00,0x00,
 553          0x00,0x00,0x00,0x00,0x00,0x00,0x00,0x00,0x00,0x00,0x00,0x00,0x00,0x00,0x00,0x00,
 554          0x00,0x00,0x00,0x00,0x00,0x00,0x00,0x00,0x00,0x00,0x00,0x00,0x00,0x00,0x00,0x00,
 555          0x00,0x00,0x00,0x00,0x00,0x00,0x00,0x00,0x00,0x00,0x00,0x00,0x00,0x00,0x00,0x00,
 556          0x00,0x00,0x00,0x00,0x00,0x00,0x00,0x00,0x00,0x00,0x00,0x00,0x00,0x00,0x00,0x00,
 557          0x00,0x00,0x00,0x00,0x00,0x00,0x00,0x00,0x00,0x00,0x00,0x00,0x00,0x00,0x00,0x00,
 558          0x00,0x00,0x00,0x00,0x00,0x00,0x00,0x00,0x00,0x00,0x00,0x00,0x00,0x00,0x00,0x00,
 559          0x00,0x00,0x00,0x00,0x00,0x00,0x00,0x00,0x00,0x00,0x00,0x00,0x00,0x00,0x00,0x00,
 560          0x00,0x00,0x00,0x00,0x00,0x00,0x00,0x00,0x00,0x00,0x00,0x00,0x00,0x00,0x00,0x00};
 561          
 562          
 563          void delaykj(uchar x)
 564          {
 565   1              uchar i;
 566   1              for(i=0;i<x;i++)
 567   1                      delayMs(250);   
 568   1      }
 569          void kaiji1(void)
 570          {
 571   1              Lcd_WriteCmd(0x01);
 572   1              Lcd_WriteCmd(0x0c);
 573   1              show_Pic(0,0,3,19,huan);
 574   1              show_Pic(2*16,0,3,19,ying);
 575   1              show_Pic(4*16,0,3,19,shi);
 576   1              show_Pic(6*16,0,4,19,yong);
 577   1              show_Pic(0*16,20,3,19,wu);
 578   1              show_Pic(2*16,20,3,19,xian);
 579   1              show_Pic(4*16,20,3,19,qin);
 580   1              show_Pic(0*16,50,2,14,gezi);
 581   1              show_Pic(2*16,50,2,14,wang);
 582   1              show_Pic(3*16,50,2,14,qian);
 583   1              show_Pic(4*16,50,2,14,hao);
 584   1              show_Pic(5*16,50,2,14,bao);
 585   1              show_Pic(6*16,50,2,14,lu);
 586   1              show_Pic(7*16,50,2,14,cheng);
 587   1              delaykj(50);
 588   1      }
 589          
 590          
 591          void kaiji2(void)
 592          {
 593   1              Lcd_WriteCmd(0x0c);
 594   1              show_Pic(0*16,0,8,64,hy1);
 595   1              show_Pic(4*16,0,8,64,qsy1);
 596   1              delaykj(20);
 597   1      
 598   1              show_Pic(0*16,0,16,64,kongbai);
 599   1              show_Pic(0*16,0,8,64,hy2);
 600   1              show_Pic(4*16,0,8,64,qsy2);
 601   1              delaykj(20);
 602   1      
 603   1              show_Pic(0*16,0,16,64,kongbai);
 604   1              show_Pic(0*16,0,8,64,hy3);
 605   1              show_Pic(4*16,0,8,64,qsy3);
 606   1              delaykj(20);
 607   1      
 608   1              show_Pic(0*16,0,16,64,kongbai);
 609   1              show_Pic(0*16,0,16,64,zh1);
 610   1              delaykj(20);
 611   1      
 612   1              show_Pic(0*16,0,16,64,kongbai);
C51 COMPILER V9.01   UPUP                                                                  01/19/2018 10:17:05 PAGE 11  

 613   1              show_Pic(0*16,0,16,64,zh2);
 614   1              delaykj(20);
 615   1      
 616   1              show_Pic(0*16,0,16,64,kongbai);
 617   1              show_Pic(0*16,0,16,64,zh3);
 618   1              delaykj(20);
 619   1      
 620   1              show_Pic(0*16,0,16,64,kongbai);
 621   1              show_Pic(0*16,0,16,64,zh4);
 622   1              delaykj(5);
 623   1              show_Pic(0*16,0,16,64,kongbai);
 624   1      }
 625          
 626          void quanquan(void)
 627          {
 628   1              uchar i;
 629   1              for(i=5;i<65;i=i+5)
 630   1              {       
 631   2                      Lcd_WriteCmd(0x30);
 632   2                      Lcd_Circle(63,31,i,1);
 633   2                      Lcd_Circle(63,31,i-2,1);
 634   2                      Lcd_Circle(63,31,i-4,1);
 635   2                      //delayMs(10);
 636   2              }
 637   1              for(;i>4;i=i-5)
 638   1              {       
 639   2                      Lcd_WriteCmd(0x30);
 640   2                      Lcd_Circle(63,31,i,0);
 641   2                      Lcd_Circle(63,31,i-2,0);
 642   2                      Lcd_Circle(63,31,i-4,0);
 643   2                      //delayMs(10);
 644   2              }
 645   1      }


MODULE INFORMATION:   STATIC OVERLAYABLE
   CODE SIZE        =   1076    ----
   CONSTANT SIZE    =   8806    ----
   XDATA SIZE       =   ----       3
   PDATA SIZE       =   ----    ----
   DATA SIZE        =   ----    ----
   IDATA SIZE       =   ----    ----
   BIT SIZE         =   ----    ----
END OF MODULE INFORMATION.


C51 COMPILATION COMPLETE.  0 WARNING(S),  0 ERROR(S)
